#
# A fatal error has been detected by the Java Runtime Environment:
#
#  EXCEPTION_ACCESS_VIOLATION (0xc0000005) at pc=0x00007ff9799fc3f9, pid=348, tid=0x0000000000003d68
#
# JRE version: Java(TM) SE Runtime Environment (8.0_144-b01) (build 1.8.0_144-b01)
# Java VM: Java HotSpot(TM) 64-Bit Server VM (25.144-b01 mixed mode windows-amd64 compressed oops)
# Problematic frame:
# C  [msvcr120.dll+0x3c3f9]
#
# Failed to write core dump. Minidumps are not enabled by default on client versions of Windows
#
# If you would like to submit a bug report, please visit:
#   http://bugreport.java.com/bugreport/crash.jsp
# The crash happened outside the Java Virtual Machine in native code.
# See problematic frame for where to report the bug.
#

---------------  T H R E A D  ---------------

Current thread (0x000000001dc11800):  JavaThread "JavaFX Application Thread" [_thread_in_native, id=15720, stack(0x000000001ea60000,0x000000001eb60000)]

siginfo: ExceptionCode=0xc0000005, reading address 0x000000006e24d000

Registers:
RAX=0x000000006e24dcb0, RBX=0x000000006e24c630, RCX=0x0000000000000cb0, RDX=0xfffffffff4c1ae98
RSP=0x000000001eb5c538, RBP=0x0000000000001680, RSI=0x000000006e24d000, RDI=0x0000000079632168
R8 =0x0000000000001680, R9 =0x0000000000001680, R10=0x000000006e24c630, R11=0x0000000079631798
R12=0x000000006de19b40, R13=0x000000006e1ab990, R14=0x0000000000001850, R15=0x0000000000001680
RIP=0x00007ff9799fc3f9, EFLAGS=0x0000000000010207

Top of Stack: (sp=0x000000001eb5c538)
0x000000001eb5c538:   0000000000000079 0000000079631798
0x000000001eb5c548:   0000000068031e40 000000006e027a40
0x000000001eb5c558:   0000000068031eb4 000000006dfeeb10
0x000000001eb5c568:   0000000000000001 ffffffc6ffffffc6
0x000000001eb5c578:   000001ae00000614 0000000000000060
0x000000001eb5c588:   0000000000000001 000000006dd876f0
0x000000001eb5c598:   000000006e0ec0b0 000000006e027a40
0x000000001eb5c5a8:   000000006802c509 0000009d000002d0
0x000000001eb5c5b8:   000000006dfeeb10 0000000000000000
0x000000001eb5c5c8:   000000006dd876f0 0000000000000013
0x000000001eb5c5d8:   000000006802bca8 000000220000000f
0x000000001eb5c5e8:   0000009d000002d0 ffffffe3ffffffe3
0x000000001eb5c5f8:   000000d70000030a 0000000000000000
0x000000001eb5c608:   0000000000000000 00000005fffffff2
0x000000001eb5c618:   000000d70000030a 0000000000000000
0x000000001eb5c628:   0000000000000000 0000000000000001 

Instructions: (pc=0x00007ff9799fc3f9)
0x00007ff9799fc3d9:   03 c0 48 3b c8 0f 8c 96 03 00 00 0f ba 25 6c 53
0x00007ff9799fc3e9:   0a 00 01 73 13 57 56 48 8b f9 49 8b f2 49 8b c8
0x00007ff9799fc3f9:   f3 a4 5e 5f 49 8b c3 c3 0f ba 25 4f 53 0a 00 02
0x00007ff9799fc409:   0f 82 56 02 00 00 f6 c1 07 74 36 f6 c1 01 74 0b 


Register to memory mapping:

RAX=0x000000006e24dcb0 is an unknown value
RBX=0x000000006e24c630 is an unknown value
RCX=0x0000000000000cb0 is an unknown value
RDX=0xfffffffff4c1ae98 is an unknown value
RSP=0x000000001eb5c538 is pointing into the stack for thread: 0x000000001dc11800
RBP=0x0000000000001680 is an unknown value
RSI=0x000000006e24d000 is an unknown value
RDI=0x0000000079632168 is an unknown value
R8 =0x0000000000001680 is an unknown value
R9 =0x0000000000001680 is an unknown value
R10=0x000000006e24c630 is an unknown value
R11=0x0000000079631798 is an unknown value
R12=0x000000006de19b40 is an unknown value
R13=0x000000006e1ab990 is an unknown value
R14=0x0000000000001850 is an unknown value
R15=0x0000000000001680 is an unknown value


Stack: [0x000000001ea60000,0x000000001eb60000],  sp=0x000000001eb5c538,  free space=1009k
Native frames: (J=compiled Java code, j=interpreted, Vv=VM code, C=native code)
C  [msvcr120.dll+0x3c3f9]
C  0x0000000000000079

Java frames: (J=compiled Java code, j=interpreted, Vv=VM code)
j  com.sun.webkit.WebPage.twkUpdateContent(JLcom/sun/webkit/graphics/WCRenderQueue;IIII)V+0
j  com.sun.webkit.WebPage.updateDirty(Lcom/sun/webkit/graphics/WCRectangle;)V+218
j  com.sun.webkit.WebPage.updateContent(Lcom/sun/webkit/graphics/WCRectangle;)V+48
j  com.sun.javafx.sg.prism.web.NGWebView.update()V+68
j  javafx.scene.web.WebView.handleStagePulse()V+40
j  javafx.scene.web.WebView.lambda$new$29()V+1
j  javafx.scene.web.WebView$$Lambda$100.pulse()V+4
j  com.sun.javafx.tk.Toolkit.lambda$runPulse$30(Lcom/sun/javafx/tk/TKPulseListener;)Ljava/lang/Void;+1
j  com.sun.javafx.tk.Toolkit$$Lambda$153.run()Ljava/lang/Object;+4
v  ~StubRoutines::call_stub
j  java.security.AccessController.doPrivileged(Ljava/security/PrivilegedAction;Ljava/security/AccessControlContext;)Ljava/lang/Object;+0
j  com.sun.javafx.tk.Toolkit.runPulse(Lcom/sun/javafx/tk/TKPulseListener;Ljava/security/AccessControlContext;)V+21
j  com.sun.javafx.tk.Toolkit.firePulse()V+129
j  com.sun.javafx.tk.quantum.QuantumToolkit.pulse(Z)V+97
j  com.sun.javafx.tk.quantum.QuantumToolkit.pulse()V+2
j  com.sun.javafx.tk.quantum.QuantumToolkit.lambda$runToolkit$404()V+1
j  com.sun.javafx.tk.quantum.QuantumToolkit$$Lambda$50.run()V+4
j  com.sun.glass.ui.InvokeLaterDispatcher$Future.run()V+4
v  ~StubRoutines::call_stub
j  com.sun.glass.ui.win.WinApplication._runLoop(Ljava/lang/Runnable;)V+0
j  com.sun.glass.ui.win.WinApplication.lambda$null$148(ILjava/lang/Runnable;)V+8
j  com.sun.glass.ui.win.WinApplication$$Lambda$46.run()V+12
j  java.lang.Thread.run()V+11
v  ~StubRoutines::call_stub

---------------  P R O C E S S  ---------------

Java Threads: ( => current thread )
  0x000000001e22a800 JavaThread "Prism Font Disposer" daemon [_thread_blocked, id=22588, stack(0x0000000071640000,0x0000000071740000)]
  0x000000001e225800 JavaThread "URL-Loader-10" daemon [_thread_in_native, id=2112, stack(0x000000006e560000,0x000000006e660000)]
  0x000000001e22a000 JavaThread "URL-Loader-9" daemon [_thread_blocked, id=18616, stack(0x000000006d860000,0x000000006d960000)]
  0x000000001e226000 JavaThread "URL-Loader-8" daemon [_thread_blocked, id=12172, stack(0x000000006d460000,0x000000006d560000)]
  0x000000001de19000 JavaThread "URL-Loader-7" daemon [_thread_blocked, id=21592, stack(0x000000006c970000,0x000000006ca70000)]
  0x000000001de1c800 JavaThread "URL-Loader-6" daemon [_thread_blocked, id=15712, stack(0x000000006c870000,0x000000006c970000)]
  0x000000001de1d800 JavaThread "URL-Loader-5" daemon [_thread_blocked, id=6284, stack(0x000000006c770000,0x000000006c870000)]
  0x000000001de1e000 JavaThread "URL-Loader-4" daemon [_thread_blocked, id=10476, stack(0x000000006c670000,0x000000006c770000)]
  0x000000001de1f000 JavaThread "URL-Loader-3" daemon [_thread_blocked, id=10188, stack(0x000000006c570000,0x000000006c670000)]
  0x000000001de18000 JavaThread "URL-Loader-2" daemon [_thread_blocked, id=10372, stack(0x000000006c470000,0x000000006c570000)]
  0x000000001de1a800 JavaThread "Keep-Alive-Timer" daemon [_thread_blocked, id=16420, stack(0x000000006bd80000,0x000000006be80000)]
  0x000000001de19800 JavaThread "URL-Loader-1" daemon [_thread_blocked, id=21520, stack(0x0000000066140000,0x0000000066240000)]
  0x000000001de1b000 JavaThread "Disposer" daemon [_thread_blocked, id=5520, stack(0x0000000065d40000,0x0000000065e40000)]
  0x000000001dc4c800 JavaThread "Thread-5" daemon [_thread_in_native, id=11360, stack(0x00000000254f0000,0x00000000255f0000)]
=>0x000000001dc11800 JavaThread "JavaFX Application Thread" [_thread_in_native, id=15720, stack(0x000000001ea60000,0x000000001eb60000)]
  0x000000001dbe8800 JavaThread "Thread-4" daemon [_thread_blocked, id=21024, stack(0x000000001e960000,0x000000001ea60000)]
  0x000000001dbf5000 JavaThread "QuantumRenderer-0" daemon [_thread_blocked, id=12092, stack(0x000000001e860000,0x000000001e960000)]
  0x00000000020ad800 JavaThread "DestroyJavaVM" [_thread_blocked, id=5832, stack(0x00000000022b0000,0x00000000023b0000)]
  0x000000001db61800 JavaThread "AWT-Windows" daemon [_thread_in_native, id=14212, stack(0x000000001e620000,0x000000001e720000)]
  0x000000001db5f000 JavaThread "Java2D Disposer" daemon [_thread_blocked, id=9876, stack(0x000000001e420000,0x000000001e520000)]
  0x000000001db3b000 JavaThread "JavaFX-Launcher" [_thread_blocked, id=1928, stack(0x000000001e320000,0x000000001e420000)]
  0x000000001d375800 JavaThread "Thread-0" [_thread_blocked, id=12892, stack(0x000000001d8f0000,0x000000001d9f0000)]
  0x000000001d31c800 JavaThread "Service Thread" daemon [_thread_blocked, id=22436, stack(0x000000001d6f0000,0x000000001d7f0000)]
  0x000000001bae2800 JavaThread "C1 CompilerThread2" daemon [_thread_blocked, id=16624, stack(0x000000001d1f0000,0x000000001d2f0000)]
  0x000000001bab8000 JavaThread "C2 CompilerThread1" daemon [_thread_blocked, id=16688, stack(0x000000001d0f0000,0x000000001d1f0000)]
  0x000000001ba8d000 JavaThread "C2 CompilerThread0" daemon [_thread_blocked, id=15700, stack(0x000000001cff0000,0x000000001d0f0000)]
  0x000000001ba8b800 JavaThread "Attach Listener" daemon [_thread_blocked, id=9520, stack(0x000000001cef0000,0x000000001cff0000)]
  0x000000001ba8a000 JavaThread "Signal Dispatcher" daemon [_thread_blocked, id=2592, stack(0x000000001cdf0000,0x000000001cef0000)]
  0x000000001ba79000 JavaThread "Finalizer" daemon [_thread_blocked, id=21736, stack(0x000000001ccf0000,0x000000001cdf0000)]
  0x00000000024a1000 JavaThread "Reference Handler" daemon [_thread_blocked, id=3732, stack(0x000000001cbf0000,0x000000001ccf0000)]

Other Threads:
  0x000000001ba57000 VMThread [stack: 0x000000001caf0000,0x000000001cbf0000] [id=5972]
  0x000000001d31f800 WatcherThread [stack: 0x000000001d7f0000,0x000000001d8f0000] [id=1652]

VM state:not at safepoint (normal execution)

VM Mutex/Monitor currently owned by a thread: None

Heap:
 PSYoungGen      total 76288K, used 14560K [0x000000076b380000, 0x0000000770880000, 0x00000007c0000000)
  eden space 65536K, 10% used [0x000000076b380000,0x000000076ba77f08,0x000000076f380000)
  from space 10752K, 69% used [0x000000076f380000,0x000000076fac0168,0x000000076fe00000)
  to   space 10752K, 0% used [0x000000076fe00000,0x000000076fe00000,0x0000000770880000)
 ParOldGen       total 175104K, used 32K [0x00000006c1a00000, 0x00000006cc500000, 0x000000076b380000)
  object space 175104K, 0% used [0x00000006c1a00000,0x00000006c1a08000,0x00000006cc500000)
 Metaspace       used 18689K, capacity 19378K, committed 19584K, reserved 1067008K
  class space    used 2463K, capacity 2669K, committed 2688K, reserved 1048576K

Card table byte_map: [0x0000000011870000,0x0000000012070000] byte_map_base: 0x000000000e263000

Marking Bits: (ParMarkBitMap*) 0x000000006afbd850
 Begin Bits: [0x00000000129c0000, 0x0000000016958000)
 End Bits:   [0x0000000016958000, 0x000000001a8f0000)

Polling page: 0x0000000000510000

CodeCache: size=245760Kb used=5500Kb max_used=5500Kb free=240259Kb
 bounds [0x00000000024b0000, 0x0000000002a20000, 0x00000000114b0000]
 total_blobs=2334 nmethods=1583 adapters=663
 compilation: enabled

Compilation events (10 events):
Event: 1.519 Thread 0x000000001bae2800 1577       3       java.util.concurrent.locks.AbstractQueuedSynchronizer::release (33 bytes)
Event: 1.519 Thread 0x000000001bae2800 nmethod 1577 0x0000000002a0d210 code [0x0000000002a0d380, 0x0000000002a0d698]
Event: 1.522 Thread 0x000000001bae2800 1578       3       java.io.File::<init> (47 bytes)
Event: 1.522 Thread 0x000000001bae2800 nmethod 1578 0x0000000002a0da50 code [0x0000000002a0dbe0, 0x0000000002a0df68]
Event: 1.523 Thread 0x000000001bae2800 1579       1       java.nio.charset.CharsetDecoder::implReset (1 bytes)
Event: 1.524 Thread 0x000000001bae2800 nmethod 1579 0x0000000002a0e0d0 code [0x0000000002a0e220, 0x0000000002a0e330]
Event: 1.525 Thread 0x000000001bae2800 1580   !   3       java.lang.Package::getSystemPackage (63 bytes)
Event: 1.525 Thread 0x000000001bae2800 nmethod 1580 0x0000000002a0e390 code [0x0000000002a0e580, 0x0000000002a0ee58]
Event: 1.530 Thread 0x000000001bae2800 1581       3       com.sun.javafx.geom.transform.BaseTransform::almostZero (22 bytes)
Event: 1.530 Thread 0x000000001bae2800 nmethod 1581 0x0000000002a0f7d0 code [0x0000000002a0f960, 0x0000000002a0fb70]

GC Heap History (2 events):
Event: 1.453 GC heap before
{Heap before GC invocations=1 (full 0):
 PSYoungGen      total 76288K, used 65536K [0x000000076b380000, 0x0000000770880000, 0x00000007c0000000)
  eden space 65536K, 100% used [0x000000076b380000,0x000000076f380000,0x000000076f380000)
  from space 10752K, 0% used [0x000000076fe00000,0x000000076fe00000,0x0000000770880000)
  to   space 10752K, 0% used [0x000000076f380000,0x000000076f380000,0x000000076fe00000)
 ParOldGen       total 175104K, used 0K [0x00000006c1a00000, 0x00000006cc500000, 0x000000076b380000)
  object space 175104K, 0% used [0x00000006c1a00000,0x00000006c1a00000,0x00000006cc500000)
 Metaspace       used 18498K, capacity 19210K, committed 19328K, reserved 1067008K
  class space    used 2435K, capacity 2635K, committed 2688K, reserved 1048576K
Event: 1.462 GC heap after
Heap after GC invocations=1 (full 0):
 PSYoungGen      total 76288K, used 7424K [0x000000076b380000, 0x0000000770880000, 0x00000007c0000000)
  eden space 65536K, 0% used [0x000000076b380000,0x000000076b380000,0x000000076f380000)
  from space 10752K, 69% used [0x000000076f380000,0x000000076fac0168,0x000000076fe00000)
  to   space 10752K, 0% used [0x000000076fe00000,0x000000076fe00000,0x0000000770880000)
 ParOldGen       total 175104K, used 32K [0x00000006c1a00000, 0x00000006cc500000, 0x000000076b380000)
  object space 175104K, 0% used [0x00000006c1a00000,0x00000006c1a08000,0x00000006cc500000)
 Metaspace       used 18498K, capacity 19210K, committed 19328K, reserved 1067008K
  class space    used 2435K, capacity 2635K, committed 2688K, reserved 1048576K
}

Deoptimization events (10 events):
Event: 0.992 Thread 0x000000001dc11800 Uncommon trap: reason=class_check action=maybe_recompile pc=0x0000000002838d28 method=java.io.DataInputStream.readShort()S @ 4
Event: 0.992 Thread 0x000000001dc11800 Uncommon trap: reason=class_check action=maybe_recompile pc=0x0000000002838d28 method=java.io.DataInputStream.readShort()S @ 4
Event: 0.997 Thread 0x000000001dc11800 Uncommon trap: reason=class_check action=maybe_recompile pc=0x00000000025cdb94 method=java.lang.String.equals(Ljava/lang/Object;)Z @ 8
Event: 0.997 Thread 0x000000001dc11800 Uncommon trap: reason=class_check action=maybe_recompile pc=0x00000000025cdb94 method=java.lang.String.equals(Ljava/lang/Object;)Z @ 8
Event: 0.997 Thread 0x000000001dc11800 Uncommon trap: reason=class_check action=maybe_recompile pc=0x00000000025cdb94 method=java.lang.String.equals(Ljava/lang/Object;)Z @ 8
Event: 0.999 Thread 0x000000001dc11800 Uncommon trap: reason=class_check action=maybe_recompile pc=0x00000000025cdb94 method=java.lang.String.equals(Ljava/lang/Object;)Z @ 8
Event: 1.057 Thread 0x000000001dc11800 Uncommon trap: reason=unstable_if action=reinterpret pc=0x000000000282d138 method=jdk.internal.org.objectweb.asm.Type.getArgumentsAndReturnSizes(Ljava/lang/String;)I @ 47
Event: 1.083 Thread 0x000000001dc11800 Uncommon trap: reason=unstable_if action=reinterpret pc=0x00000000026e5c18 method=java.lang.AbstractStringBuilder.append(Ljava/lang/String;)Ljava/lang/AbstractStringBuilder; @ 1
Event: 1.119 Thread 0x000000001de1e000 Uncommon trap: reason=unstable_if action=reinterpret pc=0x0000000002710794 method=java.lang.CharacterDataLatin1.digit(II)I @ 82
Event: 1.226 Thread 0x000000001de18000 Uncommon trap: reason=unstable_if action=reinterpret pc=0x000000000281c280 method=java.lang.String.indexOf([CII[CIII)I @ 27

Internal exceptions (10 events):
Event: 0.493 Thread 0x000000001dc11800 Exception <a 'java/lang/NullPointerException'> (0x000000076c4b8dc8) thrown at [C:\re\workspace\8-2-build-windows-amd64-cygwin\jdk8u144\9417\hotspot\src\share\vm\prims\jvm.cpp, line 1394]
Event: 0.859 Thread 0x000000001dc11800 Exception <a 'sun/nio/fs/WindowsException'> (0x000000076d4ccad8) thrown at [C:\re\workspace\8-2-build-windows-amd64-cygwin\jdk8u144\9417\hotspot\src\share\vm\prims\jni.cpp, line 709]
Event: 0.860 Thread 0x000000001dc11800 Exception <a 'sun/nio/fs/WindowsException'> (0x000000076d4ce600) thrown at [C:\re\workspace\8-2-build-windows-amd64-cygwin\jdk8u144\9417\hotspot\src\share\vm\prims\jni.cpp, line 709]
Event: 0.864 Thread 0x000000001dc11800 Implicit null exception at 0x000000000274b016 to 0x000000000274b3c5
Event: 0.891 Thread 0x000000001dc11800 Implicit null exception at 0x0000000002809b98 to 0x0000000002809c26
Event: 1.083 Thread 0x000000001dc11800 Implicit null exception at 0x00000000026e5856 to 0x00000000026e5c01
Event: 1.479 Thread 0x000000001dc11800 Exception <a 'java/io/FileNotFoundException'> (0x000000076b3ee880) thrown at [C:\re\workspace\8-2-build-windows-amd64-cygwin\jdk8u144\9417\hotspot\src\share\vm\prims\jni.cpp, line 709]
Event: 1.480 Thread 0x000000001dc11800 Exception <a 'java/io/FileNotFoundException'> (0x000000076b3ef7b8) thrown at [C:\re\workspace\8-2-build-windows-amd64-cygwin\jdk8u144\9417\hotspot\src\share\vm\prims\jni.cpp, line 709]
Event: 1.482 Thread 0x000000001dc11800 Exception <a 'java/io/FileNotFoundException'> (0x000000076b3f4f20) thrown at [C:\re\workspace\8-2-build-windows-amd64-cygwin\jdk8u144\9417\hotspot\src\share\vm\prims\jni.cpp, line 709]
Event: 1.482 Thread 0x000000001dc11800 Exception <a 'java/io/FileNotFoundException'> (0x000000076b3f5dc8) thrown at [C:\re\workspace\8-2-build-windows-amd64-cygwin\jdk8u144\9417\hotspot\src\share\vm\prims\jni.cpp, line 709]

Events (10 events):
Event: 1.526 loading class com/sun/javafx/image/impl/BaseByteToByteConverter
Event: 1.526 loading class com/sun/javafx/image/impl/BaseByteToByteConverter done
Event: 1.527 loading class com/sun/javafx/image/impl/BaseByteToByteConverter$ByteAnyToSameConverter
Event: 1.527 loading class com/sun/javafx/image/impl/BaseByteToByteConverter$ByteAnyToSameConverter done
Event: 1.528 loading class com/sun/javafx/webkit/prism/WCGraphicsPrismContext$7
Event: 1.528 loading class com/sun/javafx/webkit/prism/WCGraphicsPrismContext$7 done
Event: 1.528 loading class com/sun/javafx/sg/prism/NGImageView
Event: 1.528 loading class com/sun/javafx/sg/prism/NGImageView done
Event: 1.529 loading class com/sun/prism/d3d/D3DTexture$1
Event: 1.529 loading class com/sun/prism/d3d/D3DTexture$1 done


Dynamic libraries:
0x00007ff600b00000 - 0x00007ff600b37000 	C:\Program Files\Java\jdk1.8.0_144\bin\javaw.exe
0x00007ff98c7c0000 - 0x00007ff98c99b000 	C:\Windows\SYSTEM32\ntdll.dll
0x00007ff989d20000 - 0x00007ff989dce000 	C:\Windows\System32\KERNEL32.DLL
0x00007ff989230000 - 0x00007ff989479000 	C:\Windows\System32\KERNELBASE.dll
0x00007ff98c420000 - 0x00007ff98c4c1000 	C:\Windows\System32\ADVAPI32.dll
0x00007ff98bfd0000 - 0x00007ff98c06d000 	C:\Windows\System32\msvcrt.dll
0x00007ff989de0000 - 0x00007ff989e39000 	C:\Windows\System32\sechost.dll
0x00007ff98ba70000 - 0x00007ff98bb95000 	C:\Windows\System32\RPCRT4.dll
0x00007ff98be80000 - 0x00007ff98bfca000 	C:\Windows\System32\USER32.dll
0x00007ff989210000 - 0x00007ff98922e000 	C:\Windows\System32\win32u.dll
0x00007ff989ff0000 - 0x00007ff98a017000 	C:\Windows\System32\GDI32.dll
0x00007ff988eb0000 - 0x00007ff989037000 	C:\Windows\System32\gdi32full.dll
0x00007ff989b80000 - 0x00007ff989c1a000 	C:\Windows\System32\msvcp_win.dll
0x00007ff989110000 - 0x00007ff989206000 	C:\Windows\System32\ucrtbase.dll
0x00007ff97fa90000 - 0x00007ff97fcf7000 	C:\Windows\WinSxS\amd64_microsoft.windows.common-controls_6595b64144ccf1df_6.0.15063.483_none_26002d27e7c744a2\COMCTL32.dll
0x00007ff98c120000 - 0x00007ff98c419000 	C:\Windows\System32\combase.dll
0x00007ff989040000 - 0x00007ff9890aa000 	C:\Windows\System32\bcryptPrimitives.dll
0x00007ff98c790000 - 0x00007ff98c7bd000 	C:\Windows\System32\IMM32.DLL
0x000000006a280000 - 0x000000006a352000 	C:\Program Files\Java\jdk1.8.0_144\jre\bin\msvcr100.dll
0x000000006a7a0000 - 0x000000006b03d000 	C:\Program Files\Java\jdk1.8.0_144\jre\bin\server\jvm.dll
0x00007ff98c070000 - 0x00007ff98c078000 	C:\Windows\System32\PSAPI.DLL
0x00007ff985140000 - 0x00007ff985149000 	C:\Windows\SYSTEM32\WSOCK32.dll
0x00007ff980970000 - 0x00007ff980993000 	C:\Windows\SYSTEM32\WINMM.dll
0x00007ff98c080000 - 0x00007ff98c0ec000 	C:\Windows\System32\WS2_32.dll
0x00007ff9807f0000 - 0x00007ff98081b000 	C:\Windows\SYSTEM32\WINMMBASE.dll
0x00007ff980380000 - 0x00007ff98038a000 	C:\Windows\SYSTEM32\VERSION.dll
0x00007ff989c20000 - 0x00007ff989c69000 	C:\Windows\System32\cfgmgr32.dll
0x000000006a6b0000 - 0x000000006a6bf000 	C:\Program Files\Java\jdk1.8.0_144\jre\bin\verify.dll
0x000000006a680000 - 0x000000006a6a9000 	C:\Program Files\Java\jdk1.8.0_144\jre\bin\java.dll
0x000000006a660000 - 0x000000006a676000 	C:\Program Files\Java\jdk1.8.0_144\jre\bin\zip.dll
0x00007ff98a460000 - 0x00007ff98b897000 	C:\Windows\System32\SHELL32.dll
0x00007ff98c4d0000 - 0x00007ff98c57a000 	C:\Windows\System32\shcore.dll
0x00007ff989480000 - 0x00007ff989b71000 	C:\Windows\System32\windows.storage.dll
0x00007ff989f90000 - 0x00007ff989fe1000 	C:\Windows\System32\shlwapi.dll
0x00007ff988cc0000 - 0x00007ff988cd1000 	C:\Windows\System32\kernel.appcore.dll
0x00007ff988c70000 - 0x00007ff988cbc000 	C:\Windows\System32\powrprof.dll
0x00007ff988c30000 - 0x00007ff988c45000 	C:\Windows\System32\profapi.dll
0x000000006a480000 - 0x000000006a618000 	C:\Program Files\Java\jdk1.8.0_144\jre\bin\awt.dll
0x00007ff98bd40000 - 0x00007ff98be00000 	C:\Windows\System32\OLEAUT32.dll
0x00007ff9872e0000 - 0x00007ff98735e000 	C:\Windows\SYSTEM32\apphelp.dll
0x00007ff987530000 - 0x00007ff9875c5000 	C:\Windows\system32\uxtheme.dll
0x00007ff98b900000 - 0x00007ff98ba66000 	C:\Windows\System32\MSCTF.dll
0x00007ff9799c0000 - 0x00007ff979aaf000 	C:\Program Files\Java\jdk1.8.0_144\jre\bin\msvcr120.dll
0x00007ff972920000 - 0x00007ff9729c1000 	C:\Program Files\Common Files\microsoft shared\ink\tiptsf.dll
0x00007ff963380000 - 0x00007ff963426000 	C:\Program Files\Java\jdk1.8.0_144\jre\bin\msvcp120.dll
0x00007ff9795d0000 - 0x00007ff9795fa000 	C:\Windows\system32\dwmapi.dll
0x00007ff989e40000 - 0x00007ff989f85000 	C:\Windows\System32\ole32.dll
0x000000006a250000 - 0x000000006a272000 	C:\Program Files\Java\jdk1.8.0_144\jre\bin\prism_d3d.dll
0x00007ff962550000 - 0x00007ff9626d9000 	C:\Windows\system32\d3d9.dll
0x00007ff92a680000 - 0x00007ff92ded9000 	C:\Windows\System32\DriverStore\FileRepository\igdlh64.inf_amd64_f507e86e308a4c50\igdumdim64.dll
0x00007ff98a020000 - 0x00007ff98a45b000 	C:\Windows\System32\SETUPAPI.dll
0x000000006a200000 - 0x000000006a243000 	C:\Program Files\Java\jdk1.8.0_144\jre\bin\glass.dll
0x00007ff98c680000 - 0x00007ff98c788000 	C:\Windows\System32\COMDLG32.dll
0x00007ff975410000 - 0x00007ff976a12000 	C:\Windows\System32\DriverStore\FileRepository\igdlh64.inf_amd64_f507e86e308a4c50\igc64.dll
0x000000006a380000 - 0x000000006a3a4000 	C:\Program Files\Java\jdk1.8.0_144\jre\bin\sunec.dll
0x000000006a640000 - 0x000000006a65a000 	C:\Program Files\Java\jdk1.8.0_144\jre\bin\net.dll
0x00007ff9884e0000 - 0x00007ff98853c000 	C:\Windows\system32\mswsock.dll
0x00007ff988280000 - 0x00007ff9882b7000 	C:\Windows\SYSTEM32\IPHLPAPI.DLL
0x00007ff98c110000 - 0x00007ff98c118000 	C:\Windows\System32\NSI.dll
0x00007ff982170000 - 0x00007ff982186000 	C:\Windows\SYSTEM32\dhcpcsvc6.DLL
0x00007ff982110000 - 0x00007ff98212a000 	C:\Windows\SYSTEM32\dhcpcsvc.DLL
0x000000006a620000 - 0x000000006a631000 	C:\Program Files\Java\jdk1.8.0_144\jre\bin\nio.dll
0x00007ff9886e0000 - 0x00007ff9886f7000 	C:\Windows\SYSTEM32\CRYPTSP.dll
0x00007ff988100000 - 0x00007ff988134000 	C:\Windows\system32\rsaenh.dll
0x00007ff9887f0000 - 0x00007ff988815000 	C:\Windows\SYSTEM32\bcrypt.dll
0x00007ff988b30000 - 0x00007ff988b59000 	C:\Windows\SYSTEM32\USERENV.dll
0x00007ff988700000 - 0x00007ff98870b000 	C:\Windows\SYSTEM32\CRYPTBASE.dll
0x0000000067a40000 - 0x000000006a1f4000 	C:\Program Files\Java\jdk1.8.0_144\jre\bin\jfxwebkit.dll
0x0000000067a20000 - 0x0000000067a34000 	C:\Program Files\Java\jdk1.8.0_144\jre\bin\javafx_font.dll
0x00007ff9882c0000 - 0x00007ff988364000 	C:\Windows\SYSTEM32\DNSAPI.dll
0x000000006b350000 - 0x000000006b376000 	C:\Program Files\Bonjour\mdnsNSP.dll
0x00007ff97d990000 - 0x00007ff97d99a000 	C:\Windows\System32\rasadhlp.dll
0x00007ff975110000 - 0x00007ff9753cf000 	C:\Windows\SYSTEM32\dwrite.dll
0x00007ff98c580000 - 0x00007ff98c61e000 	C:\Windows\System32\clbcatq.dll
0x00007ff979420000 - 0x00007ff9795cc000 	C:\Windows\SYSTEM32\WindowsCodecs.dll
0x00007ff96af60000 - 0x00007ff96afa7000 	C:\Windows\system32\dataexchange.dll
0x00007ff986a40000 - 0x00007ff986d1f000 	C:\Windows\system32\d3d11.dll
0x00007ff986e10000 - 0x00007ff986f32000 	C:\Windows\system32\dcomp.dll
0x00007ff987b80000 - 0x00007ff987c24000 	C:\Windows\system32\dxgi.dll
0x00007ff987600000 - 0x00007ff987770000 	C:\Windows\system32\twinapi.appcore.dll
0x00007ff97e1b0000 - 0x00007ff97e1e1000 	C:\Program Files\Common Files\Microsoft Shared\Ink\rtscom.dll
0x00007ff981720000 - 0x00007ff98178b000 	C:\Windows\System32\fwpuclnt.dll
0x00007ff978de0000 - 0x00007ff978e62000 	C:\Windows\System32\TextInputFramework.dll
0x00007ff978b00000 - 0x00007ff978dd2000 	C:\Windows\System32\CoreUIComponents.dll
0x00007ff986d20000 - 0x00007ff986e03000 	C:\Windows\System32\CoreMessaging.dll
0x00007ff987ec0000 - 0x00007ff987ef1000 	C:\Windows\SYSTEM32\ntmarta.dll
0x00007ff985770000 - 0x00007ff9858a9000 	C:\Windows\SYSTEM32\wintypes.dll
0x00007ff985e00000 - 0x00007ff985e15000 	C:\Windows\SYSTEM32\usermgrcli.dll
0x00007ff972750000 - 0x00007ff972915000 	C:\Windows\System32\uiautomationcore.dll
0x00007ff988a90000 - 0x00007ff988b2a000 	C:\Windows\SYSTEM32\sxs.dll
0x00007ff9722f0000 - 0x00007ff97235b000 	C:\Windows\SYSTEM32\OLEACC.dll
0x000000006a360000 - 0x000000006a36b000 	C:\Program Files\Java\jdk1.8.0_144\jre\bin\sunmscapi.dll
0x00007ff988ce0000 - 0x00007ff988ea9000 	C:\Windows\System32\CRYPT32.dll
0x00007ff988c50000 - 0x00007ff988c61000 	C:\Windows\System32\MSASN1.dll
0x0000000067a00000 - 0x0000000067a11000 	C:\Program Files\Java\jdk1.8.0_144\jre\bin\prism_common.dll
0x00007ff97d500000 - 0x00007ff97d6a9000 	C:\Windows\SYSTEM32\dbghelp.dll

VM Arguments:
jvm_args: -Dfile.encoding=Cp1252 
java_command: com.fow.main.FOWDesktopClient
java_class_path (initial): C:\Users\bass1\Documents\cs308\ClarkStuff\FOW_GDX\bin;C:\Users\bass1\Documents\cs308\ClarkStuff\FOW_GDX\libs\gdx-backend-lwjgl-natives.jar;C:\Users\bass1\Documents\cs308\ClarkStuff\FOW_GDX\libs\gdx-backend-lwjgl.jar;C:\Users\bass1\Documents\cs308\ClarkStuff\FOW_GDX\libs\gdx-natives.jar;C:\Users\bass1\Documents\cs308\ClarkStuff\FOW_GDX\libs\gdx.jar;C:\Users\bass1\Documents\cs308\ClarkStuff\FOW_GDX\libs\mysql-connector-java-5.1.39.jar;C:\Users\bass1\Documents\cs308\ClarkStuff\FOW_GDX\libs\gdx-box2d-natives.jar;C:\Users\bass1\Documents\cs308\ClarkStuff\FOW_GDX\libs\gdx-box2d.jar;C:\Users\bass1\Documents\cs308\ClarkStuff\FOW_GDX\libs\jackson-databind-2.2.3.jar;C:\Users\bass1\Documents\cs308\ClarkStuff\FOW_GDX\libs\com.fasterxml.jackson.core.jar;C:\Users\bass1\Documents\cs308\ClarkStuff\FOW_GDX\libs\jackson-annotations-2.1.2.jar
Launcher Type: SUN_STANDARD

Environment Variables:
JAVA_HOME=C:\Program Files\Java\jdk1.8.0_144
PATH=C:/Program Files/Java/jdk1.8.0_144/jre/bin/server;C:/Program Files/Java/jdk1.8.0_144/jre/bin;C:/Program Files/Java/jdk1.8.0_144/jre/lib/amd64;C:\Program Files\Java\jdk1.8.0_144;C:\ProgramData\Oracle\Java\javapath;C:\Program Files (x86)\Razer Chroma SDK\bin;C:\Program Files\Razer Chroma SDK\bin;C:\Program Files (x86)\Intel\iCLS Client\;C:\Program Files\Intel\iCLS Client\;C:\Windows\system32;C:\Windows;C:\Windows\System32\Wbem;C:\Windows\System32\WindowsPowerShell\v1.0\;C:\Program Files (x86)\Intel\Intel(R) Management Engine Components\DAL;C:\Program Files\Intel\Intel(R) Management Engine Components\DAL;C:\Program Files (x86)\Intel\Intel(R) Management Engine Components\IPT;C:\Program Files\Intel\Intel(R) Management Engine Components\IPT;C:\Users\Administrator\AppData\Local\Microsoft\WindowsApps;C:\Program Files\PuTTY\;C:\Users\bass1\AppData\Local\Microsoft\WindowsApps;C:\Users\bass1\AppData\Local\atom\bin;C:\Users\bass1\jee-latest-released\eclipse;
USERNAME=bass1
OS=Windows_NT
PROCESSOR_IDENTIFIER=Intel64 Family 6 Model 142 Stepping 9, GenuineIntel



---------------  S Y S T E M  ---------------

OS: Windows 10.0 , 64 bit Build 15063 (10.0.15063.296)

CPU:total 4 (initial active 4) (2 cores per cpu, 2 threads per core) family 6 model 142 stepping 9, cmov, cx8, fxsr, mmx, sse, sse2, sse3, ssse3, sse4.1, sse4.2, popcnt, avx, avx2, aes, clmul, erms, 3dnowpref, lzcnt, ht, tsc, tscinvbit, bmi1, bmi2, adx

Memory: 4k page, physical 16669116k(8922604k free), swap 19159484k(7029324k free)

vm_info: Java HotSpot(TM) 64-Bit Server VM (25.144-b01) for windows-amd64 JRE (1.8.0_144-b01), built on Jul 21 2017 21:57:33 by "java_re" with MS VC++ 10.0 (VS2010)

time: Fri Dec 08 11:03:05 2017
elapsed time: 1 seconds (0d 0h 0m 1s)

