#
# A fatal error has been detected by the Java Runtime Environment:
#
#  EXCEPTION_ACCESS_VIOLATION (0xc0000005) at pc=0x00007ff9799fc3f9, pid=17588, tid=0x0000000000004a0c
#
# JRE version: Java(TM) SE Runtime Environment (8.0_144-b01) (build 1.8.0_144-b01)
# Java VM: Java HotSpot(TM) 64-Bit Server VM (25.144-b01 mixed mode windows-amd64 compressed oops)
# Problematic frame:
# C  [msvcr120.dll+0x3c3f9]
#
# Failed to write core dump. Minidumps are not enabled by default on client versions of Windows
#
# If you would like to submit a bug report, please visit:
#   http://bugreport.java.com/bugreport/crash.jsp
# The crash happened outside the Java Virtual Machine in native code.
# See problematic frame for where to report the bug.
#

---------------  T H R E A D  ---------------

Current thread (0x000000001e787000):  JavaThread "JavaFX Application Thread" [_thread_in_native, id=18956, stack(0x000000001f5c0000,0x000000001f6c0000)]

siginfo: ExceptionCode=0xc0000005, reading address 0x000000006ebdf000

Registers:
RAX=0x000000006ebdf560, RBX=0x000000006ebddee0, RCX=0x0000000000000560, RDX=0xfffffffffd410928
RSP=0x000000001f6bc6b8, RBP=0x0000000000001680, RSI=0x000000006ebdf000, RDI=0x00000000717ce6d8
R8 =0x0000000000001680, R9 =0x0000000000001680, R10=0x000000006ebddee0, R11=0x00000000717cd5b8
R12=0x000000006e7aa7e0, R13=0x000000006e909f70, R14=0x0000000000001850, R15=0x0000000000001680
RIP=0x00007ff9799fc3f9, EFLAGS=0x0000000000010203

Top of Stack: (sp=0x000000001f6bc6b8)
0x000000001f6bc6b8:   000000000000007f 00000000717cd5b8
0x000000001f6bc6c8:   0000000068031e40 000000006e921ad0
0x000000001f6bc6d8:   0000000068031eb4 000000006d5d0340
0x000000001f6bc6e8:   0000000000000001 ffffffc6ffffffc6
0x000000001f6bc6f8:   000001ae00000614 0000000000000060
0x000000001f6bc708:   0000000000000001 000000006d934c10
0x000000001f6bc718:   000000006e90ab30 000000006e921ad0
0x000000001f6bc728:   000000006802c509 0000009d000002d0
0x000000001f6bc738:   000000006d5d0340 0000000000000000
0x000000001f6bc748:   000000006d934c10 0000000000000013
0x000000001f6bc758:   000000006802bca8 000000220000000f
0x000000001f6bc768:   0000009d000002d0 ffffffe3ffffffe3
0x000000001f6bc778:   000000d70000030a 0000000000000000
0x000000001f6bc788:   0000000000000000 00000005fffffff2
0x000000001f6bc798:   000000d70000030a 0000000000000000
0x000000001f6bc7a8:   0000000000000000 0000000000000001 

Instructions: (pc=0x00007ff9799fc3f9)
0x00007ff9799fc3d9:   03 c0 48 3b c8 0f 8c 96 03 00 00 0f ba 25 6c 53
0x00007ff9799fc3e9:   0a 00 01 73 13 57 56 48 8b f9 49 8b f2 49 8b c8
0x00007ff9799fc3f9:   f3 a4 5e 5f 49 8b c3 c3 0f ba 25 4f 53 0a 00 02
0x00007ff9799fc409:   0f 82 56 02 00 00 f6 c1 07 74 36 f6 c1 01 74 0b 


Register to memory mapping:

RAX=0x000000006ebdf560 is an unknown value
RBX=0x000000006ebddee0 is an unknown value
RCX=0x0000000000000560 is an unknown value
RDX=0xfffffffffd410928 is an unknown value
RSP=0x000000001f6bc6b8 is pointing into the stack for thread: 0x000000001e787000
RBP=0x0000000000001680 is an unknown value
RSI=0x000000006ebdf000 is an unknown value
RDI=0x00000000717ce6d8 is an unknown value
R8 =0x0000000000001680 is an unknown value
R9 =0x0000000000001680 is an unknown value
R10=0x000000006ebddee0 is an unknown value
R11=0x00000000717cd5b8 is an unknown value
R12=0x000000006e7aa7e0 is an unknown value
R13=0x000000006e909f70 is an unknown value
R14=0x0000000000001850 is an unknown value
R15=0x0000000000001680 is an unknown value


Stack: [0x000000001f5c0000,0x000000001f6c0000],  sp=0x000000001f6bc6b8,  free space=1009k
Native frames: (J=compiled Java code, j=interpreted, Vv=VM code, C=native code)
C  [msvcr120.dll+0x3c3f9]
C  0x000000000000007f

Java frames: (J=compiled Java code, j=interpreted, Vv=VM code)
j  com.sun.webkit.WebPage.twkUpdateContent(JLcom/sun/webkit/graphics/WCRenderQueue;IIII)V+0
j  com.sun.webkit.WebPage.updateDirty(Lcom/sun/webkit/graphics/WCRectangle;)V+218
j  com.sun.webkit.WebPage.updateContent(Lcom/sun/webkit/graphics/WCRectangle;)V+48
j  com.sun.javafx.sg.prism.web.NGWebView.update()V+68
j  javafx.scene.web.WebView.handleStagePulse()V+40
j  javafx.scene.web.WebView.lambda$new$29()V+1
j  javafx.scene.web.WebView$$Lambda$100.pulse()V+4
j  com.sun.javafx.tk.Toolkit.lambda$runPulse$30(Lcom/sun/javafx/tk/TKPulseListener;)Ljava/lang/Void;+1
j  com.sun.javafx.tk.Toolkit$$Lambda$155.run()Ljava/lang/Object;+4
v  ~StubRoutines::call_stub
j  java.security.AccessController.doPrivileged(Ljava/security/PrivilegedAction;Ljava/security/AccessControlContext;)Ljava/lang/Object;+0
j  com.sun.javafx.tk.Toolkit.runPulse(Lcom/sun/javafx/tk/TKPulseListener;Ljava/security/AccessControlContext;)V+21
j  com.sun.javafx.tk.Toolkit.firePulse()V+129
j  com.sun.javafx.tk.quantum.QuantumToolkit.pulse(Z)V+97
j  com.sun.javafx.tk.quantum.QuantumToolkit.pulse()V+2
j  com.sun.javafx.tk.quantum.QuantumToolkit.lambda$runToolkit$404()V+1
j  com.sun.javafx.tk.quantum.QuantumToolkit$$Lambda$50.run()V+4
j  com.sun.glass.ui.InvokeLaterDispatcher$Future.run()V+4
v  ~StubRoutines::call_stub
j  com.sun.glass.ui.win.WinApplication._runLoop(Ljava/lang/Runnable;)V+0
j  com.sun.glass.ui.win.WinApplication.lambda$null$148(ILjava/lang/Runnable;)V+8
j  com.sun.glass.ui.win.WinApplication$$Lambda$46.run()V+12
j  java.lang.Thread.run()V+11
v  ~StubRoutines::call_stub

---------------  P R O C E S S  ---------------

Java Threads: ( => current thread )
  0x000000001ed2a000 JavaThread "Prism Font Disposer" daemon [_thread_blocked, id=10872, stack(0x0000000070030000,0x0000000070130000)]
  0x000000001ed30000 JavaThread "URL-Loader-10" daemon [_thread_in_native, id=24524, stack(0x000000006ef30000,0x000000006f030000)]
  0x000000001ed2e000 JavaThread "URL-Loader-9" daemon [_thread_blocked, id=16704, stack(0x000000006df30000,0x000000006e030000)]
  0x000000001ed2c800 JavaThread "URL-Loader-8" daemon [_thread_blocked, id=23312, stack(0x000000006d440000,0x000000006d540000)]
  0x000000001e9dc800 JavaThread "URL-Loader-7" daemon [_thread_blocked, id=7240, stack(0x000000006d340000,0x000000006d440000)]
  0x000000001e9db800 JavaThread "URL-Loader-6" daemon [_thread_blocked, id=19676, stack(0x000000006d240000,0x000000006d340000)]
  0x000000001e9dd000 JavaThread "URL-Loader-5" daemon [_thread_blocked, id=13448, stack(0x000000006d140000,0x000000006d240000)]
  0x000000001e9e1000 JavaThread "URL-Loader-4" daemon [_thread_blocked, id=3292, stack(0x000000006b240000,0x000000006b340000)]
  0x000000001e9e0000 JavaThread "URL-Loader-3" daemon [_thread_blocked, id=8388, stack(0x000000006b140000,0x000000006b240000)]
  0x000000001e9de800 JavaThread "URL-Loader-2" daemon [_thread_blocked, id=6408, stack(0x000000006b040000,0x000000006b140000)]
  0x000000001e9de000 JavaThread "Keep-Alive-Timer" daemon [_thread_blocked, id=23480, stack(0x00000000675d0000,0x00000000676d0000)]
  0x000000001e9da000 JavaThread "URL-Loader-1" daemon [_thread_blocked, id=13336, stack(0x0000000066ba0000,0x0000000066ca0000)]
  0x000000001e9db000 JavaThread "Disposer" daemon [_thread_blocked, id=4208, stack(0x00000000667a0000,0x00000000668a0000)]
  0x000000001e7d1800 JavaThread "Thread-5" daemon [_thread_in_native, id=7308, stack(0x0000000025f50000,0x0000000026050000)]
=>0x000000001e787000 JavaThread "JavaFX Application Thread" [_thread_in_native, id=18956, stack(0x000000001f5c0000,0x000000001f6c0000)]
  0x000000001e780000 JavaThread "Thread-4" daemon [_thread_blocked, id=6664, stack(0x000000001f4c0000,0x000000001f5c0000)]
  0x000000001e76f000 JavaThread "QuantumRenderer-0" daemon [_thread_blocked, id=18456, stack(0x000000001f3c0000,0x000000001f4c0000)]
  0x0000000002e7d800 JavaThread "DestroyJavaVM" [_thread_blocked, id=19236, stack(0x0000000002b70000,0x0000000002c70000)]
  0x000000001e6f2800 JavaThread "AWT-Windows" daemon [_thread_in_native, id=15668, stack(0x000000001f0f0000,0x000000001f1f0000)]
  0x000000001e6f1000 JavaThread "Java2D Disposer" daemon [_thread_blocked, id=3744, stack(0x000000001eef0000,0x000000001eff0000)]
  0x000000001e08f000 JavaThread "JavaFX-Launcher" [_thread_blocked, id=18384, stack(0x000000001e5f0000,0x000000001e6f0000)]
  0x000000001dd36800 JavaThread "Thread-0" [_thread_blocked, id=21040, stack(0x000000001e3c0000,0x000000001e4c0000)]
  0x000000001dcde000 JavaThread "Service Thread" daemon [_thread_blocked, id=10832, stack(0x000000001e1c0000,0x000000001e2c0000)]
  0x000000001dcc0800 JavaThread "C1 CompilerThread2" daemon [_thread_blocked, id=7756, stack(0x000000001e0c0000,0x000000001e1c0000)]
  0x000000001c4bc000 JavaThread "C2 CompilerThread1" daemon [_thread_blocked, id=9312, stack(0x000000001dbc0000,0x000000001dcc0000)]
  0x000000001c45d000 JavaThread "C2 CompilerThread0" daemon [_thread_blocked, id=22916, stack(0x000000001dac0000,0x000000001dbc0000)]
  0x000000001c45b800 JavaThread "Attach Listener" daemon [_thread_blocked, id=18724, stack(0x000000001d9c0000,0x000000001dac0000)]
  0x000000001c45a000 JavaThread "Signal Dispatcher" daemon [_thread_blocked, id=20604, stack(0x000000001d8c0000,0x000000001d9c0000)]
  0x000000001c449000 JavaThread "Finalizer" daemon [_thread_blocked, id=17508, stack(0x000000001d6d0000,0x000000001d7d0000)]
  0x0000000002db1000 JavaThread "Reference Handler" daemon [_thread_blocked, id=21880, stack(0x000000001d5d0000,0x000000001d6d0000)]

Other Threads:
  0x000000001c427000 VMThread [stack: 0x000000001d4d0000,0x000000001d5d0000] [id=24516]
  0x000000001dce2000 WatcherThread [stack: 0x000000001e2c0000,0x000000001e3c0000] [id=4740]

VM state:not at safepoint (normal execution)

VM Mutex/Monitor currently owned by a thread: None

Heap:
 PSYoungGen      total 76288K, used 14506K [0x000000076b380000, 0x0000000770880000, 0x00000007c0000000)
  eden space 65536K, 10% used [0x000000076b380000,0x000000076ba55d00,0x000000076f380000)
  from space 10752K, 69% used [0x000000076f380000,0x000000076fad4b20,0x000000076fe00000)
  to   space 10752K, 0% used [0x000000076fe00000,0x000000076fe00000,0x0000000770880000)
 ParOldGen       total 175104K, used 32K [0x00000006c1a00000, 0x00000006cc500000, 0x000000076b380000)
  object space 175104K, 0% used [0x00000006c1a00000,0x00000006c1a08000,0x00000006cc500000)
 Metaspace       used 18647K, capacity 19380K, committed 19584K, reserved 1067008K
  class space    used 2455K, capacity 2664K, committed 2688K, reserved 1048576K

Card table byte_map: [0x0000000012240000,0x0000000012a40000] byte_map_base: 0x000000000ec33000

Marking Bits: (ParMarkBitMap*) 0x000000006afbd850
 Begin Bits: [0x0000000013390000, 0x0000000017328000)
 End Bits:   [0x0000000017328000, 0x000000001b2c0000)

Polling page: 0x0000000002c70000

CodeCache: size=245760Kb used=5446Kb max_used=5446Kb free=240313Kb
 bounds [0x0000000002e80000, 0x00000000033e0000, 0x0000000011e80000]
 total_blobs=2339 nmethods=1598 adapters=654
 compilation: enabled

Compilation events (10 events):
Event: 1.269 Thread 0x000000001dcc0800 1595       3       java.lang.String::copyValueOf (11 bytes)
Event: 1.269 Thread 0x000000001dcc0800 nmethod 1595 0x00000000033cb190 code [0x00000000033cb300, 0x00000000033cb4c8]
Event: 1.269 Thread 0x000000001dcc0800 1594       3       java.io.File::<init> (47 bytes)
Event: 1.269 Thread 0x000000001dcc0800 nmethod 1594 0x00000000033cb590 code [0x00000000033cb720, 0x00000000033cbaa8]
Event: 1.270 Thread 0x000000001dcc0800 1596   !   3       java.lang.Package::getSystemPackage (63 bytes)
Event: 1.271 Thread 0x000000001dcc0800 nmethod 1596 0x00000000033cbc10 code [0x00000000033cbe00, 0x00000000033cc6d8]
Event: 1.273 Thread 0x000000001dcc0800 1597  s!   3       com.sun.javafx.tk.Toolkit::getToolkit (250 bytes)
Event: 1.276 Thread 0x000000001dcc0800 nmethod 1597 0x00000000033cd050 code [0x00000000033cd620, 0x00000000033d1428]
Event: 1.276 Thread 0x000000001dcc0800 1598       3       com.sun.javafx.geom.transform.BaseTransform::almostZero (22 bytes)
Event: 1.276 Thread 0x000000001dcc0800 nmethod 1598 0x00000000033d38d0 code [0x00000000033d3a60, 0x00000000033d3c70]

GC Heap History (2 events):
Event: 1.232 GC heap before
{Heap before GC invocations=1 (full 0):
 PSYoungGen      total 76288K, used 65536K [0x000000076b380000, 0x0000000770880000, 0x00000007c0000000)
  eden space 65536K, 100% used [0x000000076b380000,0x000000076f380000,0x000000076f380000)
  from space 10752K, 0% used [0x000000076fe00000,0x000000076fe00000,0x0000000770880000)
  to   space 10752K, 0% used [0x000000076f380000,0x000000076f380000,0x000000076fe00000)
 ParOldGen       total 175104K, used 0K [0x00000006c1a00000, 0x00000006cc500000, 0x000000076b380000)
  object space 175104K, 0% used [0x00000006c1a00000,0x00000006c1a00000,0x00000006cc500000)
 Metaspace       used 18460K, capacity 19232K, committed 19328K, reserved 1067008K
  class space    used 2433K, capacity 2662K, committed 2688K, reserved 1048576K
Event: 1.240 GC heap after
Heap after GC invocations=1 (full 0):
 PSYoungGen      total 76288K, used 7506K [0x000000076b380000, 0x0000000770880000, 0x00000007c0000000)
  eden space 65536K, 0% used [0x000000076b380000,0x000000076b380000,0x000000076f380000)
  from space 10752K, 69% used [0x000000076f380000,0x000000076fad4b20,0x000000076fe00000)
  to   space 10752K, 0% used [0x000000076fe00000,0x000000076fe00000,0x0000000770880000)
 ParOldGen       total 175104K, used 32K [0x00000006c1a00000, 0x00000006cc500000, 0x000000076b380000)
  object space 175104K, 0% used [0x00000006c1a00000,0x00000006c1a08000,0x00000006cc500000)
 Metaspace       used 18460K, capacity 19232K, committed 19328K, reserved 1067008K
  class space    used 2433K, capacity 2662K, committed 2688K, reserved 1048576K
}

Deoptimization events (10 events):
Event: 0.859 Thread 0x000000001e787000 Uncommon trap: reason=class_check action=maybe_recompile pc=0x0000000002fa2094 method=java.lang.String.equals(Ljava/lang/Object;)Z @ 8
Event: 0.921 Thread 0x000000001e787000 Uncommon trap: reason=unstable_if action=reinterpret pc=0x000000000324a738 method=jdk.internal.org.objectweb.asm.Type.getArgumentsAndReturnSizes(Ljava/lang/String;)I @ 47
Event: 0.941 Thread 0x000000001e787000 Uncommon trap: reason=unstable_if action=reinterpret pc=0x00000000030b44d8 method=java.lang.AbstractStringBuilder.append(Ljava/lang/String;)Ljava/lang/AbstractStringBuilder; @ 1
Event: 0.947 Thread 0x000000001e9e1000 Uncommon trap: reason=unstable_if action=reinterpret pc=0x00000000030eac94 method=java.lang.CharacterDataLatin1.digit(II)I @ 82
Event: 0.948 Thread 0x000000001e9e1000 Uncommon trap: reason=predicate action=maybe_recompile pc=0x0000000003268af8 method=sun.net.www.ParseUtil.encodePath(Ljava/lang/String;Z)Ljava/lang/String; @ 36
Event: 1.043 Thread 0x000000001e9db800 Uncommon trap: reason=unstable_if action=reinterpret pc=0x00000000031e9180 method=java.lang.String.indexOf([CII[CIII)I @ 27
Event: 1.068 Thread 0x000000001e9dd000 Uncommon trap: reason=predicate action=maybe_recompile pc=0x0000000003341600 method=java.util.regex.Pattern$SliceI.match(Ljava/util/regex/Matcher;ILjava/lang/CharSequence;)Z @ 21
Event: 1.123 Thread 0x000000001e9db800 Uncommon trap: reason=unstable_if action=reinterpret pc=0x0000000003340a60 method=java.util.Arrays.equals([B[B)Z @ 12
Event: 1.123 Thread 0x000000001e9de800 Uncommon trap: reason=unstable_if action=reinterpret pc=0x0000000003340a60 method=java.util.Arrays.equals([B[B)Z @ 12
Event: 1.123 Thread 0x000000001e9dd000 Uncommon trap: reason=unstable_if action=reinterpret pc=0x0000000003340a60 method=java.util.Arrays.equals([B[B)Z @ 12

Internal exceptions (10 events):
Event: 0.747 Thread 0x000000001e787000 Implicit null exception at 0x00000000030fd7d6 to 0x00000000030fdb85
Event: 0.773 Thread 0x000000001e787000 Implicit null exception at 0x000000000320ccd8 to 0x000000000320cd66
Event: 0.941 Thread 0x000000001e787000 Implicit null exception at 0x00000000030b4116 to 0x00000000030b44c1
Event: 1.123 Thread 0x000000001e9db800 Implicit null exception at 0x0000000003340918 to 0x0000000003340a4d
Event: 1.123 Thread 0x000000001e9de800 Implicit null exception at 0x0000000003340918 to 0x0000000003340a4d
Event: 1.123 Thread 0x000000001e9dd000 Implicit null exception at 0x0000000003340918 to 0x0000000003340a4d
Event: 1.248 Thread 0x000000001e787000 Exception <a 'java/io/FileNotFoundException'> (0x000000076b3cedd0) thrown at [C:\re\workspace\8-2-build-windows-amd64-cygwin\jdk8u144\9417\hotspot\src\share\vm\prims\jni.cpp, line 709]
Event: 1.248 Thread 0x000000001e787000 Exception <a 'java/io/FileNotFoundException'> (0x000000076b3cfd08) thrown at [C:\re\workspace\8-2-build-windows-amd64-cygwin\jdk8u144\9417\hotspot\src\share\vm\prims\jni.cpp, line 709]
Event: 1.249 Thread 0x000000001e787000 Exception <a 'java/io/FileNotFoundException'> (0x000000076b3d5470) thrown at [C:\re\workspace\8-2-build-windows-amd64-cygwin\jdk8u144\9417\hotspot\src\share\vm\prims\jni.cpp, line 709]
Event: 1.249 Thread 0x000000001e787000 Exception <a 'java/io/FileNotFoundException'> (0x000000076b3d6318) thrown at [C:\re\workspace\8-2-build-windows-amd64-cygwin\jdk8u144\9417\hotspot\src\share\vm\prims\jni.cpp, line 709]

Events (10 events):
Event: 1.271 loading class com/sun/javafx/image/impl/BaseByteToByteConverter
Event: 1.271 loading class com/sun/javafx/image/impl/BaseByteToByteConverter done
Event: 1.271 loading class com/sun/javafx/image/impl/BaseByteToByteConverter$ByteAnyToSameConverter
Event: 1.271 loading class com/sun/javafx/image/impl/BaseByteToByteConverter$ByteAnyToSameConverter done
Event: 1.272 loading class com/sun/javafx/webkit/prism/WCGraphicsPrismContext$7
Event: 1.272 loading class com/sun/javafx/webkit/prism/WCGraphicsPrismContext$7 done
Event: 1.272 loading class com/sun/javafx/sg/prism/NGImageView
Event: 1.272 loading class com/sun/javafx/sg/prism/NGImageView done
Event: 1.273 loading class com/sun/prism/d3d/D3DTexture$1
Event: 1.273 loading class com/sun/prism/d3d/D3DTexture$1 done


Dynamic libraries:
0x00007ff600b00000 - 0x00007ff600b37000 	C:\Program Files\Java\jdk1.8.0_144\bin\javaw.exe
0x00007ff98c7c0000 - 0x00007ff98c99b000 	C:\Windows\SYSTEM32\ntdll.dll
0x00007ff989d20000 - 0x00007ff989dce000 	C:\Windows\System32\KERNEL32.DLL
0x00007ff989230000 - 0x00007ff989479000 	C:\Windows\System32\KERNELBASE.dll
0x00007ff98c420000 - 0x00007ff98c4c1000 	C:\Windows\System32\ADVAPI32.dll
0x00007ff98bfd0000 - 0x00007ff98c06d000 	C:\Windows\System32\msvcrt.dll
0x00007ff989de0000 - 0x00007ff989e39000 	C:\Windows\System32\sechost.dll
0x00007ff98ba70000 - 0x00007ff98bb95000 	C:\Windows\System32\RPCRT4.dll
0x00007ff98be80000 - 0x00007ff98bfca000 	C:\Windows\System32\USER32.dll
0x00007ff989210000 - 0x00007ff98922e000 	C:\Windows\System32\win32u.dll
0x00007ff989ff0000 - 0x00007ff98a017000 	C:\Windows\System32\GDI32.dll
0x00007ff988eb0000 - 0x00007ff989037000 	C:\Windows\System32\gdi32full.dll
0x00007ff989b80000 - 0x00007ff989c1a000 	C:\Windows\System32\msvcp_win.dll
0x00007ff989110000 - 0x00007ff989206000 	C:\Windows\System32\ucrtbase.dll
0x00007ff97fa90000 - 0x00007ff97fcf7000 	C:\Windows\WinSxS\amd64_microsoft.windows.common-controls_6595b64144ccf1df_6.0.15063.483_none_26002d27e7c744a2\COMCTL32.dll
0x00007ff98c120000 - 0x00007ff98c419000 	C:\Windows\System32\combase.dll
0x00007ff989040000 - 0x00007ff9890aa000 	C:\Windows\System32\bcryptPrimitives.dll
0x00007ff98c790000 - 0x00007ff98c7bd000 	C:\Windows\System32\IMM32.DLL
0x000000006a280000 - 0x000000006a352000 	C:\Program Files\Java\jdk1.8.0_144\jre\bin\msvcr100.dll
0x000000006a7a0000 - 0x000000006b03d000 	C:\Program Files\Java\jdk1.8.0_144\jre\bin\server\jvm.dll
0x00007ff98c070000 - 0x00007ff98c078000 	C:\Windows\System32\PSAPI.DLL
0x00007ff985140000 - 0x00007ff985149000 	C:\Windows\SYSTEM32\WSOCK32.dll
0x00007ff980970000 - 0x00007ff980993000 	C:\Windows\SYSTEM32\WINMM.dll
0x00007ff98c080000 - 0x00007ff98c0ec000 	C:\Windows\System32\WS2_32.dll
0x00007ff980380000 - 0x00007ff98038a000 	C:\Windows\SYSTEM32\VERSION.dll
0x00007ff9807f0000 - 0x00007ff98081b000 	C:\Windows\SYSTEM32\WINMMBASE.dll
0x00007ff989c20000 - 0x00007ff989c69000 	C:\Windows\System32\cfgmgr32.dll
0x000000006a6b0000 - 0x000000006a6bf000 	C:\Program Files\Java\jdk1.8.0_144\jre\bin\verify.dll
0x000000006a680000 - 0x000000006a6a9000 	C:\Program Files\Java\jdk1.8.0_144\jre\bin\java.dll
0x000000006a660000 - 0x000000006a676000 	C:\Program Files\Java\jdk1.8.0_144\jre\bin\zip.dll
0x00007ff98a460000 - 0x00007ff98b897000 	C:\Windows\System32\SHELL32.dll
0x00007ff98c4d0000 - 0x00007ff98c57a000 	C:\Windows\System32\shcore.dll
0x00007ff989480000 - 0x00007ff989b71000 	C:\Windows\System32\windows.storage.dll
0x00007ff989f90000 - 0x00007ff989fe1000 	C:\Windows\System32\shlwapi.dll
0x00007ff988cc0000 - 0x00007ff988cd1000 	C:\Windows\System32\kernel.appcore.dll
0x00007ff988c70000 - 0x00007ff988cbc000 	C:\Windows\System32\powrprof.dll
0x00007ff988c30000 - 0x00007ff988c45000 	C:\Windows\System32\profapi.dll
0x000000006a480000 - 0x000000006a618000 	C:\Program Files\Java\jdk1.8.0_144\jre\bin\awt.dll
0x00007ff98bd40000 - 0x00007ff98be00000 	C:\Windows\System32\OLEAUT32.dll
0x00007ff9872e0000 - 0x00007ff98735e000 	C:\Windows\SYSTEM32\apphelp.dll
0x00007ff987530000 - 0x00007ff9875c5000 	C:\Windows\system32\uxtheme.dll
0x00007ff98b900000 - 0x00007ff98ba66000 	C:\Windows\System32\MSCTF.dll
0x00007ff972920000 - 0x00007ff9729c1000 	C:\Program Files\Common Files\microsoft shared\ink\tiptsf.dll
0x00007ff9799c0000 - 0x00007ff979aaf000 	C:\Program Files\Java\jdk1.8.0_144\jre\bin\msvcr120.dll
0x00007ff963380000 - 0x00007ff963426000 	C:\Program Files\Java\jdk1.8.0_144\jre\bin\msvcp120.dll
0x00007ff9795d0000 - 0x00007ff9795fa000 	C:\Windows\system32\dwmapi.dll
0x00007ff989e40000 - 0x00007ff989f85000 	C:\Windows\System32\ole32.dll
0x000000006a250000 - 0x000000006a272000 	C:\Program Files\Java\jdk1.8.0_144\jre\bin\prism_d3d.dll
0x00007ff962550000 - 0x00007ff9626d9000 	C:\Windows\system32\d3d9.dll
0x00007ff92a680000 - 0x00007ff92ded9000 	C:\Windows\System32\DriverStore\FileRepository\igdlh64.inf_amd64_f507e86e308a4c50\igdumdim64.dll
0x00007ff98a020000 - 0x00007ff98a45b000 	C:\Windows\System32\SETUPAPI.dll
0x000000006a200000 - 0x000000006a243000 	C:\Program Files\Java\jdk1.8.0_144\jre\bin\glass.dll
0x00007ff98c680000 - 0x00007ff98c788000 	C:\Windows\System32\COMDLG32.dll
0x00007ff975410000 - 0x00007ff976a12000 	C:\Windows\System32\DriverStore\FileRepository\igdlh64.inf_amd64_f507e86e308a4c50\igc64.dll
0x000000006a380000 - 0x000000006a3a4000 	C:\Program Files\Java\jdk1.8.0_144\jre\bin\sunec.dll
0x000000006a640000 - 0x000000006a65a000 	C:\Program Files\Java\jdk1.8.0_144\jre\bin\net.dll
0x00007ff9884e0000 - 0x00007ff98853c000 	C:\Windows\system32\mswsock.dll
0x00007ff988280000 - 0x00007ff9882b7000 	C:\Windows\SYSTEM32\IPHLPAPI.DLL
0x00007ff98c110000 - 0x00007ff98c118000 	C:\Windows\System32\NSI.dll
0x00007ff982170000 - 0x00007ff982186000 	C:\Windows\SYSTEM32\dhcpcsvc6.DLL
0x00007ff982110000 - 0x00007ff98212a000 	C:\Windows\SYSTEM32\dhcpcsvc.DLL
0x000000006a620000 - 0x000000006a631000 	C:\Program Files\Java\jdk1.8.0_144\jre\bin\nio.dll
0x00007ff9886e0000 - 0x00007ff9886f7000 	C:\Windows\SYSTEM32\CRYPTSP.dll
0x00007ff988100000 - 0x00007ff988134000 	C:\Windows\system32\rsaenh.dll
0x00007ff9887f0000 - 0x00007ff988815000 	C:\Windows\SYSTEM32\bcrypt.dll
0x00007ff988b30000 - 0x00007ff988b59000 	C:\Windows\SYSTEM32\USERENV.dll
0x00007ff988700000 - 0x00007ff98870b000 	C:\Windows\SYSTEM32\CRYPTBASE.dll
0x0000000067a40000 - 0x000000006a1f4000 	C:\Program Files\Java\jdk1.8.0_144\jre\bin\jfxwebkit.dll
0x0000000067a20000 - 0x0000000067a34000 	C:\Program Files\Java\jdk1.8.0_144\jre\bin\javafx_font.dll
0x00007ff9882c0000 - 0x00007ff988364000 	C:\Windows\SYSTEM32\DNSAPI.dll
0x000000006b350000 - 0x000000006b376000 	C:\Program Files\Bonjour\mdnsNSP.dll
0x00007ff97d990000 - 0x00007ff97d99a000 	C:\Windows\System32\rasadhlp.dll
0x00007ff981720000 - 0x00007ff98178b000 	C:\Windows\System32\fwpuclnt.dll
0x00007ff975110000 - 0x00007ff9753cf000 	C:\Windows\SYSTEM32\dwrite.dll
0x00007ff98c580000 - 0x00007ff98c61e000 	C:\Windows\System32\clbcatq.dll
0x00007ff979420000 - 0x00007ff9795cc000 	C:\Windows\SYSTEM32\WindowsCodecs.dll
0x00007ff96af60000 - 0x00007ff96afa7000 	C:\Windows\system32\dataexchange.dll
0x00007ff986e10000 - 0x00007ff986f32000 	C:\Windows\system32\dcomp.dll
0x00007ff986a40000 - 0x00007ff986d1f000 	C:\Windows\system32\d3d11.dll
0x00007ff987b80000 - 0x00007ff987c24000 	C:\Windows\system32\dxgi.dll
0x00007ff987600000 - 0x00007ff987770000 	C:\Windows\system32\twinapi.appcore.dll
0x00007ff97e1b0000 - 0x00007ff97e1e1000 	C:\Program Files\Common Files\Microsoft Shared\Ink\rtscom.dll
0x00007ff978de0000 - 0x00007ff978e62000 	C:\Windows\System32\TextInputFramework.dll
0x00007ff978b00000 - 0x00007ff978dd2000 	C:\Windows\System32\CoreUIComponents.dll
0x00007ff986d20000 - 0x00007ff986e03000 	C:\Windows\System32\CoreMessaging.dll
0x00007ff987ec0000 - 0x00007ff987ef1000 	C:\Windows\SYSTEM32\ntmarta.dll
0x00007ff985770000 - 0x00007ff9858a9000 	C:\Windows\SYSTEM32\wintypes.dll
0x00007ff985e00000 - 0x00007ff985e15000 	C:\Windows\SYSTEM32\usermgrcli.dll
0x00007ff972750000 - 0x00007ff972915000 	C:\Windows\System32\uiautomationcore.dll
0x00007ff988a90000 - 0x00007ff988b2a000 	C:\Windows\SYSTEM32\sxs.dll
0x00007ff9722f0000 - 0x00007ff97235b000 	C:\Windows\SYSTEM32\OLEACC.dll
0x000000006a360000 - 0x000000006a36b000 	C:\Program Files\Java\jdk1.8.0_144\jre\bin\sunmscapi.dll
0x00007ff988ce0000 - 0x00007ff988ea9000 	C:\Windows\System32\CRYPT32.dll
0x00007ff988c50000 - 0x00007ff988c61000 	C:\Windows\System32\MSASN1.dll
0x0000000067a00000 - 0x0000000067a11000 	C:\Program Files\Java\jdk1.8.0_144\jre\bin\prism_common.dll
0x00007ff97d500000 - 0x00007ff97d6a9000 	C:\Windows\SYSTEM32\dbghelp.dll

VM Arguments:
jvm_args: -Dfile.encoding=Cp1252 
java_command: com.fow.main.FOWDesktopClient
java_class_path (initial): C:\Users\bass1\Documents\cs308\ClarkStuff\FOW_GDX\bin;C:\Users\bass1\Documents\cs308\ClarkStuff\FOW_GDX\libs\gdx-backend-lwjgl-natives.jar;C:\Users\bass1\Documents\cs308\ClarkStuff\FOW_GDX\libs\gdx-backend-lwjgl.jar;C:\Users\bass1\Documents\cs308\ClarkStuff\FOW_GDX\libs\gdx-natives.jar;C:\Users\bass1\Documents\cs308\ClarkStuff\FOW_GDX\libs\gdx.jar;C:\Users\bass1\Documents\cs308\ClarkStuff\FOW_GDX\libs\mysql-connector-java-5.1.39.jar;C:\Users\bass1\Documents\cs308\ClarkStuff\FOW_GDX\libs\gdx-box2d-natives.jar;C:\Users\bass1\Documents\cs308\ClarkStuff\FOW_GDX\libs\gdx-box2d.jar;C:\Users\bass1\Documents\cs308\ClarkStuff\FOW_GDX\libs\jackson-databind-2.2.3.jar;C:\Users\bass1\Documents\cs308\ClarkStuff\FOW_GDX\libs\com.fasterxml.jackson.core.jar;C:\Users\bass1\Documents\cs308\ClarkStuff\FOW_GDX\libs\jackson-annotations-2.1.2.jar
Launcher Type: SUN_STANDARD

Environment Variables:
JAVA_HOME=C:\Program Files\Java\jdk1.8.0_144
PATH=C:/Program Files/Java/jdk1.8.0_144/jre/bin/server;C:/Program Files/Java/jdk1.8.0_144/jre/bin;C:/Program Files/Java/jdk1.8.0_144/jre/lib/amd64;C:\Program Files\Java\jdk1.8.0_144;C:\ProgramData\Oracle\Java\javapath;C:\Program Files (x86)\Razer Chroma SDK\bin;C:\Program Files\Razer Chroma SDK\bin;C:\Program Files (x86)\Intel\iCLS Client\;C:\Program Files\Intel\iCLS Client\;C:\Windows\system32;C:\Windows;C:\Windows\System32\Wbem;C:\Windows\System32\WindowsPowerShell\v1.0\;C:\Program Files (x86)\Intel\Intel(R) Management Engine Components\DAL;C:\Program Files\Intel\Intel(R) Management Engine Components\DAL;C:\Program Files (x86)\Intel\Intel(R) Management Engine Components\IPT;C:\Program Files\Intel\Intel(R) Management Engine Components\IPT;C:\Users\Administrator\AppData\Local\Microsoft\WindowsApps;C:\Program Files\PuTTY\;C:\Users\bass1\AppData\Local\Microsoft\WindowsApps;C:\Users\bass1\AppData\Local\atom\bin;C:\Users\bass1\jee-latest-released\eclipse;
USERNAME=bass1
OS=Windows_NT
PROCESSOR_IDENTIFIER=Intel64 Family 6 Model 142 Stepping 9, GenuineIntel



---------------  S Y S T E M  ---------------

OS: Windows 10.0 , 64 bit Build 15063 (10.0.15063.296)

CPU:total 4 (initial active 4) (2 cores per cpu, 2 threads per core) family 6 model 142 stepping 9, cmov, cx8, fxsr, mmx, sse, sse2, sse3, ssse3, sse4.1, sse4.2, popcnt, avx, avx2, aes, clmul, erms, 3dnowpref, lzcnt, ht, tsc, tscinvbit, bmi1, bmi2, adx

Memory: 4k page, physical 16669116k(8909420k free), swap 19159484k(7010796k free)

vm_info: Java HotSpot(TM) 64-Bit Server VM (25.144-b01) for windows-amd64 JRE (1.8.0_144-b01), built on Jul 21 2017 21:57:33 by "java_re" with MS VC++ 10.0 (VS2010)

time: Fri Dec 08 11:03:36 2017
elapsed time: 1 seconds (0d 0h 0m 1s)

