#
# A fatal error has been detected by the Java Runtime Environment:
#
#  EXCEPTION_ACCESS_VIOLATION (0xc0000005) at pc=0x00007ff96823c3f9, pid=18156, tid=0x0000000000001634
#
# JRE version: Java(TM) SE Runtime Environment (8.0_144-b01) (build 1.8.0_144-b01)
# Java VM: Java HotSpot(TM) 64-Bit Server VM (25.144-b01 mixed mode windows-amd64 compressed oops)
# Problematic frame:
# C  [msvcr120.dll+0x3c3f9]
#
# Failed to write core dump. Minidumps are not enabled by default on client versions of Windows
#
# If you would like to submit a bug report, please visit:
#   http://bugreport.java.com/bugreport/crash.jsp
# The crash happened outside the Java Virtual Machine in native code.
# See problematic frame for where to report the bug.
#

---------------  T H R E A D  ---------------

Current thread (0x000000001e859800):  JavaThread "JavaFX Application Thread" [_thread_in_native, id=5684, stack(0x000000001f110000,0x000000001f210000)]

siginfo: ExceptionCode=0xc0000005, reading address 0x000000002f261000

Registers:
RAX=0x000000002f261d20, RBX=0x000000002f2606a0, RCX=0x0000000000000d20, RDX=0xfffffffffcec26c8
RSP=0x000000001f20c208, RBP=0x0000000000001680, RSI=0x000000002f261000, RDI=0x000000003239e938
R8 =0x0000000000001680, R9 =0x0000000000001680, R10=0x000000002f2606a0, R11=0x000000003239dfd8
R12=0x000000002ec32140, R13=0x0000000027f981e0, R14=0x0000000000001850, R15=0x0000000000001680
RIP=0x00007ff96823c3f9, EFLAGS=0x0000000000010207

Top of Stack: (sp=0x000000001f20c208)
0x000000001f20c208:   00000000000000c5 000000003239dfd8
0x000000001f20c218:   0000000068031e40 0000000027f76730
0x000000001f20c228:   0000000068031eb4 000000002f110a30
0x000000001f20c238:   0000000000000001 ffffffc6ffffffc6
0x000000001f20c248:   000001ae00000614 0000000000000060
0x000000001f20c258:   0000000000000001 000000002f03c350
0x000000001f20c268:   0000000027f981a0 0000000027f76730
0x000000001f20c278:   000000006802c509 0000009d000002d0
0x000000001f20c288:   000000002f110a30 0000000000000000
0x000000001f20c298:   000000002f03c350 0000000000000013
0x000000001f20c2a8:   000000006802bca8 000000220000000f
0x000000001f20c2b8:   0000009d000002d0 ffffffe3ffffffe3
0x000000001f20c2c8:   000000d70000030a 0000000000000000
0x000000001f20c2d8:   0000000000000000 00000005fffffff2
0x000000001f20c2e8:   000000d70000030a 0000000000000000
0x000000001f20c2f8:   0000000000000000 0000000000000001 

Instructions: (pc=0x00007ff96823c3f9)
0x00007ff96823c3d9:   03 c0 48 3b c8 0f 8c 96 03 00 00 0f ba 25 6c 53
0x00007ff96823c3e9:   0a 00 01 73 13 57 56 48 8b f9 49 8b f2 49 8b c8
0x00007ff96823c3f9:   f3 a4 5e 5f 49 8b c3 c3 0f ba 25 4f 53 0a 00 02
0x00007ff96823c409:   0f 82 56 02 00 00 f6 c1 07 74 36 f6 c1 01 74 0b 


Register to memory mapping:

RAX=0x000000002f261d20 is an unknown value
RBX=0x000000002f2606a0 is an unknown value
RCX=0x0000000000000d20 is an unknown value
RDX=0xfffffffffcec26c8 is an unknown value
RSP=0x000000001f20c208 is pointing into the stack for thread: 0x000000001e859800
RBP=0x0000000000001680 is an unknown value
RSI=0x000000002f261000 is an unknown value
RDI=0x000000003239e938 is an unknown value
R8 =0x0000000000001680 is an unknown value
R9 =0x0000000000001680 is an unknown value
R10=0x000000002f2606a0 is an unknown value
R11=0x000000003239dfd8 is an unknown value
R12=0x000000002ec32140 is an unknown value
R13=0x0000000027f981e0 is an unknown value
R14=0x0000000000001850 is an unknown value
R15=0x0000000000001680 is an unknown value


Stack: [0x000000001f110000,0x000000001f210000],  sp=0x000000001f20c208,  free space=1008k
Native frames: (J=compiled Java code, j=interpreted, Vv=VM code, C=native code)
C  [msvcr120.dll+0x3c3f9]
C  0x00000000000000c5

Java frames: (J=compiled Java code, j=interpreted, Vv=VM code)
j  com.sun.webkit.WebPage.twkUpdateContent(JLcom/sun/webkit/graphics/WCRenderQueue;IIII)V+0
j  com.sun.webkit.WebPage.updateDirty(Lcom/sun/webkit/graphics/WCRectangle;)V+218
j  com.sun.webkit.WebPage.updateContent(Lcom/sun/webkit/graphics/WCRectangle;)V+48
j  com.sun.javafx.sg.prism.web.NGWebView.update()V+68
j  javafx.scene.web.WebView.handleStagePulse()V+40
j  javafx.scene.web.WebView.lambda$new$29()V+1
j  javafx.scene.web.WebView$$Lambda$100.pulse()V+4
j  com.sun.javafx.tk.Toolkit.lambda$runPulse$30(Lcom/sun/javafx/tk/TKPulseListener;)Ljava/lang/Void;+1
j  com.sun.javafx.tk.Toolkit$$Lambda$155.run()Ljava/lang/Object;+4
v  ~StubRoutines::call_stub
j  java.security.AccessController.doPrivileged(Ljava/security/PrivilegedAction;Ljava/security/AccessControlContext;)Ljava/lang/Object;+0
j  com.sun.javafx.tk.Toolkit.runPulse(Lcom/sun/javafx/tk/TKPulseListener;Ljava/security/AccessControlContext;)V+21
j  com.sun.javafx.tk.Toolkit.firePulse()V+129
j  com.sun.javafx.tk.quantum.QuantumToolkit.pulse(Z)V+97
j  com.sun.javafx.tk.quantum.QuantumToolkit.pulse()V+2
j  com.sun.javafx.tk.quantum.QuantumToolkit.lambda$runToolkit$404()V+1
j  com.sun.javafx.tk.quantum.QuantumToolkit$$Lambda$50.run()V+4
j  com.sun.glass.ui.InvokeLaterDispatcher$Future.run()V+4
v  ~StubRoutines::call_stub
j  com.sun.glass.ui.win.WinApplication._runLoop(Ljava/lang/Runnable;)V+0
j  com.sun.glass.ui.win.WinApplication.lambda$null$148(ILjava/lang/Runnable;)V+8
j  com.sun.glass.ui.win.WinApplication$$Lambda$46.run()V+12
j  java.lang.Thread.run()V+11
v  ~StubRoutines::call_stub

---------------  P R O C E S S  ---------------

Java Threads: ( => current thread )
  0x000000002a82d800 JavaThread "Prism Font Disposer" daemon [_thread_blocked, id=24244, stack(0x0000000030c70000,0x0000000030d70000)]
  0x000000002a82c800 JavaThread "URL-Loader-10" daemon [_thread_in_native, id=13484, stack(0x000000002fb70000,0x000000002fc70000)]
  0x000000002a82a800 JavaThread "URL-Loader-9" daemon [_thread_blocked, id=19680, stack(0x000000002f270000,0x000000002f370000)]
  0x000000002a82f000 JavaThread "URL-Loader-8" daemon [_thread_blocked, id=3704, stack(0x000000002e380000,0x000000002e480000)]
  0x000000002a82c000 JavaThread "URL-Loader-7" daemon [_thread_blocked, id=7544, stack(0x000000002e280000,0x000000002e380000)]
  0x000000002a82b000 JavaThread "URL-Loader-6" daemon [_thread_blocked, id=7552, stack(0x000000002e180000,0x000000002e280000)]
  0x000000001ea2f800 JavaThread "URL-Loader-5" daemon [_thread_blocked, id=22388, stack(0x000000002e080000,0x000000002e180000)]
  0x000000001ea30800 JavaThread "URL-Loader-4" daemon [_thread_blocked, id=24392, stack(0x000000002df80000,0x000000002e080000)]
  0x000000001ea33800 JavaThread "URL-Loader-3" daemon [_thread_blocked, id=18288, stack(0x000000002de80000,0x000000002df80000)]
  0x000000001ea36800 JavaThread "URL-Loader-2" daemon [_thread_blocked, id=22044, stack(0x000000002dd80000,0x000000002de80000)]
  0x000000001ea35800 JavaThread "Keep-Alive-Timer" daemon [_thread_blocked, id=12872, stack(0x000000002bc90000,0x000000002bd90000)]
  0x000000001ea32000 JavaThread "URL-Loader-1" daemon [_thread_blocked, id=20872, stack(0x000000002b9e0000,0x000000002bae0000)]
  0x000000001ea35000 JavaThread "Disposer" daemon [_thread_blocked, id=18516, stack(0x00000000276c0000,0x00000000277c0000)]
  0x000000001ea34000 JavaThread "DestroyJavaVM" [_thread_blocked, id=13020, stack(0x00000000028d0000,0x00000000029d0000)]
  0x000000001ea31000 JavaThread "LWJGL Application" [_thread_in_native, id=420, stack(0x00000000269c0000,0x0000000026ac0000)]
  0x000000001e8a4000 JavaThread "Thread-5" daemon [_thread_in_native, id=20568, stack(0x0000000025aa0000,0x0000000025ba0000)]
=>0x000000001e859800 JavaThread "JavaFX Application Thread" [_thread_in_native, id=5684, stack(0x000000001f110000,0x000000001f210000)]
  0x000000001e835800 JavaThread "Thread-4" daemon [_thread_blocked, id=560, stack(0x000000001f010000,0x000000001f110000)]
  0x000000001e78b800 JavaThread "QuantumRenderer-0" daemon [_thread_blocked, id=4592, stack(0x000000001ef10000,0x000000001f010000)]
  0x000000001dd92800 JavaThread "AWT-Windows" daemon [_thread_in_native, id=2584, stack(0x000000001e530000,0x000000001e630000)]
  0x000000001dd86800 JavaThread "Java2D Disposer" daemon [_thread_blocked, id=17376, stack(0x000000001e330000,0x000000001e430000)]
  0x000000001dd4e800 JavaThread "JavaFX-Launcher" [_thread_blocked, id=8720, stack(0x000000001e230000,0x000000001e330000)]
  0x000000001dad2800 JavaThread "Thread-0" [_thread_blocked, id=1188, stack(0x000000001e000000,0x000000001e100000)]
  0x000000001da2a800 JavaThread "Service Thread" daemon [_thread_blocked, id=12316, stack(0x000000001de00000,0x000000001df00000)]
  0x000000001c0c0800 JavaThread "C1 CompilerThread2" daemon [_thread_blocked, id=18932, stack(0x000000001d900000,0x000000001da00000)]
  0x000000001c0b5800 JavaThread "C2 CompilerThread1" daemon [_thread_blocked, id=23052, stack(0x000000001d800000,0x000000001d900000)]
  0x000000001c0ad000 JavaThread "C2 CompilerThread0" daemon [_thread_blocked, id=2724, stack(0x000000001d700000,0x000000001d800000)]
  0x000000001c0ab800 JavaThread "Attach Listener" daemon [_thread_blocked, id=15240, stack(0x000000001d600000,0x000000001d700000)]
  0x000000001c0aa000 JavaThread "Signal Dispatcher" daemon [_thread_blocked, id=6600, stack(0x000000001d500000,0x000000001d600000)]
  0x000000001c099000 JavaThread "Finalizer" daemon [_thread_blocked, id=18588, stack(0x000000001d310000,0x000000001d410000)]
  0x0000000002ac1000 JavaThread "Reference Handler" daemon [_thread_blocked, id=6228, stack(0x000000001d210000,0x000000001d310000)]

Other Threads:
  0x000000001c077000 VMThread [stack: 0x000000001d110000,0x000000001d210000] [id=8488]
  0x000000001da2d000 WatcherThread [stack: 0x000000001df00000,0x000000001e000000] [id=12088]

VM state:not at safepoint (normal execution)

VM Mutex/Monitor currently owned by a thread: None

Heap:
 PSYoungGen      total 76288K, used 6740K [0x000000076b380000, 0x0000000774880000, 0x00000007c0000000)
  eden space 65536K, 10% used [0x000000076b380000,0x000000076ba150a0,0x000000076f380000)
  from space 10752K, 0% used [0x000000076fe00000,0x000000076fe00000,0x0000000770880000)
  to   space 10752K, 0% used [0x000000076f380000,0x000000076f380000,0x000000076fe00000)
 ParOldGen       total 101376K, used 9442K [0x00000006c1a00000, 0x00000006c7d00000, 0x000000076b380000)
  object space 101376K, 9% used [0x00000006c1a00000,0x00000006c2338b78,0x00000006c7d00000)
 Metaspace       used 20639K, capacity 21395K, committed 21504K, reserved 1069056K
  class space    used 2615K, capacity 2788K, committed 2816K, reserved 1048576K

Card table byte_map: [0x0000000011e90000,0x0000000012690000] byte_map_base: 0x000000000e883000

Marking Bits: (ParMarkBitMap*) 0x000000006afbd850
 Begin Bits: [0x0000000012fe0000, 0x0000000016f78000)
 End Bits:   [0x0000000016f78000, 0x000000001af10000)

Polling page: 0x0000000000c40000

CodeCache: size=245760Kb used=5893Kb max_used=5898Kb free=239866Kb
 bounds [0x0000000002ad0000, 0x00000000030a0000, 0x0000000011ad0000]
 total_blobs=2580 nmethods=1739 adapters=753
 compilation: enabled

Compilation events (10 events):
Event: 2.378 Thread 0x000000001c0ad000 1736       4       java.io.BufferedInputStream::getBufIfOpen (21 bytes)
Event: 2.379 Thread 0x000000001c0ad000 nmethod 1736 0x000000000307b890 code [0x000000000307b9c0, 0x000000000307ba38]
Event: 2.379 Thread 0x000000001c0c0800 nmethod 1734 0x000000000308fc90 code [0x000000000308ff40, 0x0000000003091438]
Event: 2.381 Thread 0x000000001c0ad000 1737       4       java.lang.AbstractStringBuilder::newCapacity (39 bytes)
Event: 2.382 Thread 0x000000001c0b5800 nmethod 1731 0x0000000003093c50 code [0x0000000003093de0, 0x0000000003094388]
Event: 2.382 Thread 0x000000001c0ad000 nmethod 1737 0x000000000308f790 code [0x000000000308f8c0, 0x000000000308f998]
Event: 2.387 Thread 0x000000001c0c0800 1738       3       com.sun.javafx.geom.transform.BaseTransform::almostZero (22 bytes)
Event: 2.388 Thread 0x000000001c0c0800 nmethod 1738 0x0000000003095810 code [0x00000000030959a0, 0x0000000003095bb0]
Event: 2.388 Thread 0x000000001c0c0800 1739   !   3       java.lang.ClassLoader::findNative (86 bytes)
Event: 2.388 Thread 0x000000001c0c0800 nmethod 1739 0x00000000030949d0 code [0x0000000003094b80, 0x0000000003095458]

GC Heap History (6 events):
Event: 2.122 GC heap before
{Heap before GC invocations=1 (full 0):
 PSYoungGen      total 76288K, used 65536K [0x000000076b380000, 0x0000000770880000, 0x00000007c0000000)
  eden space 65536K, 100% used [0x000000076b380000,0x000000076f380000,0x000000076f380000)
  from space 10752K, 0% used [0x000000076fe00000,0x000000076fe00000,0x0000000770880000)
  to   space 10752K, 0% used [0x000000076f380000,0x000000076f380000,0x000000076fe00000)
 ParOldGen       total 175104K, used 0K [0x00000006c1a00000, 0x00000006cc500000, 0x000000076b380000)
  object space 175104K, 0% used [0x00000006c1a00000,0x00000006c1a00000,0x00000006cc500000)
 Metaspace       used 20049K, capacity 20733K, committed 20992K, reserved 1067008K
  class space    used 2543K, capacity 2729K, committed 2816K, reserved 1048576K
Event: 2.134 GC heap after
Heap after GC invocations=1 (full 0):
 PSYoungGen      total 76288K, used 10570K [0x000000076b380000, 0x0000000770880000, 0x00000007c0000000)
  eden space 65536K, 0% used [0x000000076b380000,0x000000076b380000,0x000000076f380000)
  from space 10752K, 98% used [0x000000076f380000,0x000000076fdd2a08,0x000000076fe00000)
  to   space 10752K, 0% used [0x000000076fe00000,0x000000076fe00000,0x0000000770880000)
 ParOldGen       total 175104K, used 24K [0x00000006c1a00000, 0x00000006cc500000, 0x000000076b380000)
  object space 175104K, 0% used [0x00000006c1a00000,0x00000006c1a06000,0x00000006cc500000)
 Metaspace       used 20049K, capacity 20733K, committed 20992K, reserved 1067008K
  class space    used 2543K, capacity 2729K, committed 2816K, reserved 1048576K
}
Event: 2.304 GC heap before
{Heap before GC invocations=2 (full 0):
 PSYoungGen      total 76288K, used 19315K [0x000000076b380000, 0x0000000770880000, 0x00000007c0000000)
  eden space 65536K, 13% used [0x000000076b380000,0x000000076bc0a3f0,0x000000076f380000)
  from space 10752K, 98% used [0x000000076f380000,0x000000076fdd2a08,0x000000076fe00000)
  to   space 10752K, 0% used [0x000000076fe00000,0x000000076fe00000,0x0000000770880000)
 ParOldGen       total 175104K, used 24K [0x00000006c1a00000, 0x00000006cc500000, 0x000000076b380000)
  object space 175104K, 0% used [0x00000006c1a00000,0x00000006c1a06000,0x00000006cc500000)
 Metaspace       used 20460K, capacity 21151K, committed 21248K, reserved 1067008K
  class space    used 2586K, capacity 2732K, committed 2816K, reserved 1048576K
Event: 2.311 GC heap after
Heap after GC invocations=2 (full 0):
 PSYoungGen      total 76288K, used 9611K [0x000000076b380000, 0x0000000774880000, 0x00000007c0000000)
  eden space 65536K, 0% used [0x000000076b380000,0x000000076b380000,0x000000076f380000)
  from space 10752K, 89% used [0x000000076fe00000,0x0000000770762cd0,0x0000000770880000)
  to   space 10752K, 0% used [0x000000076f380000,0x000000076f380000,0x000000076fe00000)
 ParOldGen       total 175104K, used 40K [0x00000006c1a00000, 0x00000006cc500000, 0x000000076b380000)
  object space 175104K, 0% used [0x00000006c1a00000,0x00000006c1a0a000,0x00000006cc500000)
 Metaspace       used 20460K, capacity 21151K, committed 21248K, reserved 1067008K
  class space    used 2586K, capacity 2732K, committed 2816K, reserved 1048576K
}
Event: 2.311 GC heap before
{Heap before GC invocations=3 (full 1):
 PSYoungGen      total 76288K, used 9611K [0x000000076b380000, 0x0000000774880000, 0x00000007c0000000)
  eden space 65536K, 0% used [0x000000076b380000,0x000000076b380000,0x000000076f380000)
  from space 10752K, 89% used [0x000000076fe00000,0x0000000770762cd0,0x0000000770880000)
  to   space 10752K, 0% used [0x000000076f380000,0x000000076f380000,0x000000076fe00000)
 ParOldGen       total 175104K, used 40K [0x00000006c1a00000, 0x00000006cc500000, 0x000000076b380000)
  object space 175104K, 0% used [0x00000006c1a00000,0x00000006c1a0a000,0x00000006cc500000)
 Metaspace       used 20460K, capacity 21151K, committed 21248K, reserved 1067008K
  class space    used 2586K, capacity 2732K, committed 2816K, reserved 1048576K
Event: 2.344 GC heap after
Heap after GC invocations=3 (full 1):
 PSYoungGen      total 76288K, used 0K [0x000000076b380000, 0x0000000774880000, 0x00000007c0000000)
  eden space 65536K, 0% used [0x000000076b380000,0x000000076b380000,0x000000076f380000)
  from space 10752K, 0% used [0x000000076fe00000,0x000000076fe00000,0x0000000770880000)
  to   space 10752K, 0% used [0x000000076f380000,0x000000076f380000,0x000000076fe00000)
 ParOldGen       total 101376K, used 9442K [0x00000006c1a00000, 0x00000006c7d00000, 0x000000076b380000)
  object space 101376K, 9% used [0x00000006c1a00000,0x00000006c2338b78,0x00000006c7d00000)
 Metaspace       used 20447K, capacity 21131K, committed 21248K, reserved 1067008K
  class space    used 2581K, capacity 2722K, committed 2816K, reserved 1048576K
}

Deoptimization events (10 events):
Event: 1.874 Thread 0x000000001e859800 Uncommon trap: reason=class_check action=maybe_recompile pc=0x0000000002bf2bd0 method=java.lang.String.equals(Ljava/lang/Object;)Z @ 8
Event: 1.874 Thread 0x000000001e859800 Uncommon trap: reason=class_check action=maybe_recompile pc=0x0000000002bf2bd0 method=java.lang.String.equals(Ljava/lang/Object;)Z @ 8
Event: 1.892 Thread 0x000000001e859800 Uncommon trap: reason=class_check action=maybe_recompile pc=0x0000000002bf2bd0 method=java.lang.String.equals(Ljava/lang/Object;)Z @ 8
Event: 1.962 Thread 0x000000001e859800 Uncommon trap: reason=unstable_if action=reinterpret pc=0x0000000002f14b38 method=jdk.internal.org.objectweb.asm.Type.getArgumentsAndReturnSizes(Ljava/lang/String;)I @ 47
Event: 1.985 Thread 0x000000001e859800 Uncommon trap: reason=unstable_if action=reinterpret pc=0x0000000002cefed8 method=java.lang.AbstractStringBuilder.append(Ljava/lang/String;)Ljava/lang/AbstractStringBuilder; @ 1
Event: 1.991 Thread 0x000000001ea30800 Uncommon trap: reason=unstable_if action=reinterpret pc=0x0000000002d40854 method=java.lang.CharacterDataLatin1.digit(II)I @ 82
Event: 2.100 Thread 0x000000001ea36800 Uncommon trap: reason=unstable_if action=reinterpret pc=0x0000000002d163a8 method=java.lang.String.indexOf([CII[CIII)I @ 27
Event: 2.199 Thread 0x000000001ea2f800 Uncommon trap: reason=unstable_if action=reinterpret pc=0x0000000002ff7120 method=java.util.Arrays.equals([B[B)Z @ 12
Event: 2.199 Thread 0x000000001ea36800 Uncommon trap: reason=unstable_if action=reinterpret pc=0x0000000002ff7120 method=java.util.Arrays.equals([B[B)Z @ 12
Event: 2.199 Thread 0x000000002a82b000 Uncommon trap: reason=unstable_if action=reinterpret pc=0x0000000002ff7120 method=java.util.Arrays.equals([B[B)Z @ 12

Internal exceptions (10 events):
Event: 1.456 Thread 0x000000001e859800 Exception <a 'sun/nio/fs/WindowsException'> (0x000000076db49058) thrown at [C:\re\workspace\8-2-build-windows-amd64-cygwin\jdk8u144\9417\hotspot\src\share\vm\prims\jni.cpp, line 709]
Event: 1.474 Thread 0x000000001e859800 Implicit null exception at 0x0000000002d77ed6 to 0x0000000002d78281
Event: 1.985 Thread 0x000000001e859800 Implicit null exception at 0x0000000002cefb16 to 0x0000000002cefec1
Event: 2.199 Thread 0x000000001ea2f800 Implicit null exception at 0x0000000002ff6fd8 to 0x0000000002ff710d
Event: 2.199 Thread 0x000000001ea36800 Implicit null exception at 0x0000000002ff6fd8 to 0x0000000002ff710d
Event: 2.199 Thread 0x000000002a82b000 Implicit null exception at 0x0000000002ff6fd8 to 0x0000000002ff710d
Event: 2.359 Thread 0x000000001e859800 Exception <a 'java/io/FileNotFoundException'> (0x000000076b574ad8) thrown at [C:\re\workspace\8-2-build-windows-amd64-cygwin\jdk8u144\9417\hotspot\src\share\vm\prims\jni.cpp, line 709]
Event: 2.359 Thread 0x000000001e859800 Exception <a 'java/io/FileNotFoundException'> (0x000000076b575a10) thrown at [C:\re\workspace\8-2-build-windows-amd64-cygwin\jdk8u144\9417\hotspot\src\share\vm\prims\jni.cpp, line 709]
Event: 2.359 Thread 0x000000001e859800 Exception <a 'java/io/FileNotFoundException'> (0x000000076b57b178) thrown at [C:\re\workspace\8-2-build-windows-amd64-cygwin\jdk8u144\9417\hotspot\src\share\vm\prims\jni.cpp, line 709]
Event: 2.360 Thread 0x000000001e859800 Exception <a 'java/io/FileNotFoundException'> (0x000000076b57c020) thrown at [C:\re\workspace\8-2-build-windows-amd64-cygwin\jdk8u144\9417\hotspot\src\share\vm\prims\jni.cpp, line 709]

Events (10 events):
Event: 2.385 loading class com/sun/javafx/image/impl/BaseByteToByteConverter
Event: 2.385 loading class com/sun/javafx/image/impl/BaseByteToByteConverter done
Event: 2.385 loading class com/sun/javafx/image/impl/BaseByteToByteConverter$ByteAnyToSameConverter
Event: 2.385 loading class com/sun/javafx/image/impl/BaseByteToByteConverter$ByteAnyToSameConverter done
Event: 2.386 loading class com/sun/javafx/webkit/prism/WCGraphicsPrismContext$7
Event: 2.386 loading class com/sun/javafx/webkit/prism/WCGraphicsPrismContext$7 done
Event: 2.386 loading class com/sun/javafx/sg/prism/NGImageView
Event: 2.386 loading class com/sun/javafx/sg/prism/NGImageView done
Event: 2.387 loading class com/sun/prism/d3d/D3DTexture$1
Event: 2.387 loading class com/sun/prism/d3d/D3DTexture$1 done


Dynamic libraries:
0x00007ff600b00000 - 0x00007ff600b37000 	C:\Program Files\Java\jdk1.8.0_144\bin\javaw.exe
0x00007ff98c7c0000 - 0x00007ff98c99b000 	C:\Windows\SYSTEM32\ntdll.dll
0x00007ff989d20000 - 0x00007ff989dce000 	C:\Windows\System32\KERNEL32.DLL
0x00007ff989230000 - 0x00007ff989479000 	C:\Windows\System32\KERNELBASE.dll
0x00007ff98c420000 - 0x00007ff98c4c1000 	C:\Windows\System32\ADVAPI32.dll
0x00007ff98bfd0000 - 0x00007ff98c06d000 	C:\Windows\System32\msvcrt.dll
0x00007ff989de0000 - 0x00007ff989e39000 	C:\Windows\System32\sechost.dll
0x00007ff98ba70000 - 0x00007ff98bb95000 	C:\Windows\System32\RPCRT4.dll
0x00007ff98be80000 - 0x00007ff98bfca000 	C:\Windows\System32\USER32.dll
0x00007ff989210000 - 0x00007ff98922e000 	C:\Windows\System32\win32u.dll
0x00007ff989ff0000 - 0x00007ff98a017000 	C:\Windows\System32\GDI32.dll
0x00007ff988eb0000 - 0x00007ff989037000 	C:\Windows\System32\gdi32full.dll
0x00007ff989b80000 - 0x00007ff989c1a000 	C:\Windows\System32\msvcp_win.dll
0x00007ff989110000 - 0x00007ff989206000 	C:\Windows\System32\ucrtbase.dll
0x00007ff97fa90000 - 0x00007ff97fcf7000 	C:\Windows\WinSxS\amd64_microsoft.windows.common-controls_6595b64144ccf1df_6.0.15063.483_none_26002d27e7c744a2\COMCTL32.dll
0x00007ff98c120000 - 0x00007ff98c419000 	C:\Windows\System32\combase.dll
0x00007ff989040000 - 0x00007ff9890aa000 	C:\Windows\System32\bcryptPrimitives.dll
0x00007ff98c790000 - 0x00007ff98c7bd000 	C:\Windows\System32\IMM32.DLL
0x000000006a280000 - 0x000000006a352000 	C:\Program Files\Java\jdk1.8.0_144\jre\bin\msvcr100.dll
0x000000006a7a0000 - 0x000000006b03d000 	C:\Program Files\Java\jdk1.8.0_144\jre\bin\server\jvm.dll
0x00007ff98c070000 - 0x00007ff98c078000 	C:\Windows\System32\PSAPI.DLL
0x00007ff985140000 - 0x00007ff985149000 	C:\Windows\SYSTEM32\WSOCK32.dll
0x00007ff98c080000 - 0x00007ff98c0ec000 	C:\Windows\System32\WS2_32.dll
0x00007ff980970000 - 0x00007ff980993000 	C:\Windows\SYSTEM32\WINMM.dll
0x00007ff980380000 - 0x00007ff98038a000 	C:\Windows\SYSTEM32\VERSION.dll
0x00007ff9807f0000 - 0x00007ff98081b000 	C:\Windows\SYSTEM32\WINMMBASE.dll
0x00007ff989c20000 - 0x00007ff989c69000 	C:\Windows\System32\cfgmgr32.dll
0x000000006a6b0000 - 0x000000006a6bf000 	C:\Program Files\Java\jdk1.8.0_144\jre\bin\verify.dll
0x000000006a680000 - 0x000000006a6a9000 	C:\Program Files\Java\jdk1.8.0_144\jre\bin\java.dll
0x000000006a660000 - 0x000000006a676000 	C:\Program Files\Java\jdk1.8.0_144\jre\bin\zip.dll
0x00007ff98a460000 - 0x00007ff98b897000 	C:\Windows\System32\SHELL32.dll
0x00007ff98c4d0000 - 0x00007ff98c57a000 	C:\Windows\System32\shcore.dll
0x00007ff989480000 - 0x00007ff989b71000 	C:\Windows\System32\windows.storage.dll
0x00007ff989f90000 - 0x00007ff989fe1000 	C:\Windows\System32\shlwapi.dll
0x00007ff988cc0000 - 0x00007ff988cd1000 	C:\Windows\System32\kernel.appcore.dll
0x00007ff988c70000 - 0x00007ff988cbc000 	C:\Windows\System32\powrprof.dll
0x00007ff988c30000 - 0x00007ff988c45000 	C:\Windows\System32\profapi.dll
0x000000006a480000 - 0x000000006a618000 	C:\Program Files\Java\jdk1.8.0_144\jre\bin\awt.dll
0x00007ff98bd40000 - 0x00007ff98be00000 	C:\Windows\System32\OLEAUT32.dll
0x00007ff9872e0000 - 0x00007ff98735e000 	C:\Windows\SYSTEM32\apphelp.dll
0x00007ff987530000 - 0x00007ff9875c5000 	C:\Windows\system32\uxtheme.dll
0x00007ff98b900000 - 0x00007ff98ba66000 	C:\Windows\System32\MSCTF.dll
0x00007ff968200000 - 0x00007ff9682ef000 	C:\Program Files\Java\jdk1.8.0_144\jre\bin\msvcr120.dll
0x00007ff972920000 - 0x00007ff9729c1000 	C:\Program Files\Common Files\microsoft shared\ink\tiptsf.dll
0x00007ff963380000 - 0x00007ff963426000 	C:\Program Files\Java\jdk1.8.0_144\jre\bin\msvcp120.dll
0x00007ff9795d0000 - 0x00007ff9795fa000 	C:\Windows\system32\dwmapi.dll
0x00007ff989e40000 - 0x00007ff989f85000 	C:\Windows\System32\ole32.dll
0x000000006a250000 - 0x000000006a272000 	C:\Program Files\Java\jdk1.8.0_144\jre\bin\prism_d3d.dll
0x00007ff962550000 - 0x00007ff9626d9000 	C:\Windows\system32\d3d9.dll
0x00007ff92a680000 - 0x00007ff92ded9000 	C:\Windows\System32\DriverStore\FileRepository\igdlh64.inf_amd64_f507e86e308a4c50\igdumdim64.dll
0x00007ff98a020000 - 0x00007ff98a45b000 	C:\Windows\System32\SETUPAPI.dll
0x000000006a200000 - 0x000000006a243000 	C:\Program Files\Java\jdk1.8.0_144\jre\bin\glass.dll
0x00007ff98c680000 - 0x00007ff98c788000 	C:\Windows\System32\COMDLG32.dll
0x00007ff975410000 - 0x00007ff976a12000 	C:\Windows\System32\DriverStore\FileRepository\igdlh64.inf_amd64_f507e86e308a4c50\igc64.dll
0x0000000065580000 - 0x0000000065616000 	C:\Users\bass1\AppData\Local\Temp\libgdxbass1\e543af56\gdx64.dll
0x00007ff9886e0000 - 0x00007ff9886f7000 	C:\Windows\SYSTEM32\CRYPTSP.dll
0x00007ff988100000 - 0x00007ff988134000 	C:\Windows\system32\rsaenh.dll
0x00007ff9887f0000 - 0x00007ff988815000 	C:\Windows\SYSTEM32\bcrypt.dll
0x00007ff988b30000 - 0x00007ff988b59000 	C:\Windows\SYSTEM32\USERENV.dll
0x00007ff988700000 - 0x00007ff98870b000 	C:\Windows\SYSTEM32\CRYPTBASE.dll
0x000000006a640000 - 0x000000006a65a000 	C:\Program Files\Java\jdk1.8.0_144\jre\bin\net.dll
0x00007ff9884e0000 - 0x00007ff98853c000 	C:\Windows\system32\mswsock.dll
0x00007ff988280000 - 0x00007ff9882b7000 	C:\Windows\SYSTEM32\IPHLPAPI.DLL
0x00007ff98c110000 - 0x00007ff98c118000 	C:\Windows\System32\NSI.dll
0x00007ff982170000 - 0x00007ff982186000 	C:\Windows\SYSTEM32\dhcpcsvc6.DLL
0x00007ff982110000 - 0x00007ff98212a000 	C:\Windows\SYSTEM32\dhcpcsvc.DLL
0x000000006a380000 - 0x000000006a3a4000 	C:\Program Files\Java\jdk1.8.0_144\jre\bin\sunec.dll
0x000000006a620000 - 0x000000006a631000 	C:\Program Files\Java\jdk1.8.0_144\jre\bin\nio.dll
0x0000000180000000 - 0x0000000180053000 	C:\Users\bass1\AppData\Local\Temp\libgdxbass1\dc0f0009\lwjgl64.dll
0x00007ff9690f0000 - 0x00007ff969211000 	C:\Windows\SYSTEM32\OPENGL32.dll
0x00007ff96a920000 - 0x00007ff96a94c000 	C:\Windows\SYSTEM32\GLU32.dll
0x00000000261e0000 - 0x0000000026244000 	C:\Users\bass1\AppData\Local\Temp\libgdxbass1\dc0f0009\OpenAL64.dll
0x00007ff98c580000 - 0x00007ff98c61e000 	C:\Windows\System32\clbcatq.dll
0x00007ff982630000 - 0x00007ff982697000 	C:\Windows\System32\MMDevApi.dll
0x00007ff987830000 - 0x00007ff987858000 	C:\Windows\System32\DEVOBJ.dll
0x00007ff982490000 - 0x00007ff982626000 	C:\Windows\System32\PROPSYS.dll
0x00007ff95a540000 - 0x00007ff95a5cc000 	C:\Windows\SYSTEM32\dsound.dll
0x00007ff981970000 - 0x00007ff981a75000 	C:\Windows\SYSTEM32\AUDIOSES.DLL
0x00007ff985770000 - 0x00007ff9858a9000 	C:\Windows\SYSTEM32\wintypes.dll
0x00007ff984c60000 - 0x00007ff984c6b000 	C:\Windows\SYSTEM32\AVRT.dll
0x00007ff92f1b0000 - 0x00007ff930089000 	C:\Windows\System32\DriverStore\FileRepository\igdlh64.inf_amd64_f507e86e308a4c50\ig9icd64.dll
0x00007ff987b80000 - 0x00007ff987c24000 	C:\Windows\SYSTEM32\dxgi.dll
0x00007ff984c70000 - 0x00007ff984c83000 	C:\Windows\SYSTEM32\WTSAPI32.dll
0x0000000067a40000 - 0x000000006a1f4000 	C:\Program Files\Java\jdk1.8.0_144\jre\bin\jfxwebkit.dll
0x00007ff978de0000 - 0x00007ff978e62000 	C:\Windows\System32\TextInputFramework.dll
0x00007ff978b00000 - 0x00007ff978dd2000 	C:\Windows\System32\CoreUIComponents.dll
0x00007ff986d20000 - 0x00007ff986e03000 	C:\Windows\System32\CoreMessaging.dll
0x00007ff987ec0000 - 0x00007ff987ef1000 	C:\Windows\SYSTEM32\ntmarta.dll
0x00007ff985e00000 - 0x00007ff985e15000 	C:\Windows\SYSTEM32\usermgrcli.dll
0x00007ff969b30000 - 0x00007ff969bc3000 	C:\Windows\SYSTEM32\mscms.dll
0x00007ff9663b0000 - 0x00007ff9663f1000 	C:\Windows\SYSTEM32\icm32.dll
0x00007ff972750000 - 0x00007ff972915000 	C:\Windows\System32\uiautomationcore.dll
0x00007ff988a90000 - 0x00007ff988b2a000 	C:\Windows\SYSTEM32\sxs.dll
0x00007ff9722f0000 - 0x00007ff97235b000 	C:\Windows\System32\OLEACC.dll
0x0000000067a20000 - 0x0000000067a34000 	C:\Program Files\Java\jdk1.8.0_144\jre\bin\javafx_font.dll
0x00007ff9882c0000 - 0x00007ff988364000 	C:\Windows\SYSTEM32\DNSAPI.dll
0x000000006b350000 - 0x000000006b376000 	C:\Program Files\Bonjour\mdnsNSP.dll
0x00007ff97d990000 - 0x00007ff97d99a000 	C:\Windows\System32\rasadhlp.dll
0x00007ff981720000 - 0x00007ff98178b000 	C:\Windows\System32\fwpuclnt.dll
0x00007ff975110000 - 0x00007ff9753cf000 	C:\Windows\SYSTEM32\dwrite.dll
0x00007ff979420000 - 0x00007ff9795cc000 	C:\Windows\SYSTEM32\WindowsCodecs.dll
0x00007ff96af60000 - 0x00007ff96afa7000 	C:\Windows\system32\dataexchange.dll
0x00007ff986a40000 - 0x00007ff986d1f000 	C:\Windows\system32\d3d11.dll
0x00007ff986e10000 - 0x00007ff986f32000 	C:\Windows\system32\dcomp.dll
0x00007ff987600000 - 0x00007ff987770000 	C:\Windows\system32\twinapi.appcore.dll
0x00007ff9841e0000 - 0x00007ff984211000 	C:\Program Files\Common Files\Microsoft Shared\Ink\rtscom.dll
0x000000006a370000 - 0x000000006a37b000 	C:\Program Files\Java\jdk1.8.0_144\jre\bin\sunmscapi.dll
0x00007ff988ce0000 - 0x00007ff988ea9000 	C:\Windows\System32\CRYPT32.dll
0x00007ff988c50000 - 0x00007ff988c61000 	C:\Windows\System32\MSASN1.dll
0x0000000067a00000 - 0x0000000067a11000 	C:\Program Files\Java\jdk1.8.0_144\jre\bin\prism_common.dll
0x00007ff97d500000 - 0x00007ff97d6a9000 	C:\Windows\SYSTEM32\dbghelp.dll

VM Arguments:
jvm_args: -Dfile.encoding=Cp1252 
java_command: com.fow.main.FOWDesktopClient
java_class_path (initial): C:\Users\bass1\Documents\cs308\ClarkStuff\FOW_GDX\bin;C:\Users\bass1\Documents\cs308\ClarkStuff\FOW_GDX\libs\gdx-backend-lwjgl-natives.jar;C:\Users\bass1\Documents\cs308\ClarkStuff\FOW_GDX\libs\gdx-backend-lwjgl.jar;C:\Users\bass1\Documents\cs308\ClarkStuff\FOW_GDX\libs\gdx-natives.jar;C:\Users\bass1\Documents\cs308\ClarkStuff\FOW_GDX\libs\gdx.jar;C:\Users\bass1\Documents\cs308\ClarkStuff\FOW_GDX\libs\mysql-connector-java-5.1.39.jar;C:\Users\bass1\Documents\cs308\ClarkStuff\FOW_GDX\libs\gdx-box2d-natives.jar;C:\Users\bass1\Documents\cs308\ClarkStuff\FOW_GDX\libs\gdx-box2d.jar;C:\Users\bass1\Documents\cs308\ClarkStuff\FOW_GDX\libs\jackson-databind-2.2.3.jar;C:\Users\bass1\Documents\cs308\ClarkStuff\FOW_GDX\libs\com.fasterxml.jackson.core.jar;C:\Users\bass1\Documents\cs308\ClarkStuff\FOW_GDX\libs\jackson-annotations-2.1.2.jar
Launcher Type: SUN_STANDARD

Environment Variables:
JAVA_HOME=C:\Program Files\Java\jdk1.8.0_144
PATH=C:/Program Files/Java/jdk1.8.0_144/jre/bin/server;C:/Program Files/Java/jdk1.8.0_144/jre/bin;C:/Program Files/Java/jdk1.8.0_144/jre/lib/amd64;C:\Program Files\Java\jdk1.8.0_144;C:\ProgramData\Oracle\Java\javapath;C:\Program Files (x86)\Razer Chroma SDK\bin;C:\Program Files\Razer Chroma SDK\bin;C:\Program Files (x86)\Intel\iCLS Client\;C:\Program Files\Intel\iCLS Client\;C:\Windows\system32;C:\Windows;C:\Windows\System32\Wbem;C:\Windows\System32\WindowsPowerShell\v1.0\;C:\Program Files (x86)\Intel\Intel(R) Management Engine Components\DAL;C:\Program Files\Intel\Intel(R) Management Engine Components\DAL;C:\Program Files (x86)\Intel\Intel(R) Management Engine Components\IPT;C:\Program Files\Intel\Intel(R) Management Engine Components\IPT;C:\Users\Administrator\AppData\Local\Microsoft\WindowsApps;C:\Program Files\PuTTY\;C:\Users\bass1\AppData\Local\Microsoft\WindowsApps;C:\Users\bass1\AppData\Local\atom\bin;C:\Users\bass1\jee-latest-released\eclipse;
USERNAME=bass1
OS=Windows_NT
PROCESSOR_IDENTIFIER=Intel64 Family 6 Model 142 Stepping 9, GenuineIntel



---------------  S Y S T E M  ---------------

OS: Windows 10.0 , 64 bit Build 15063 (10.0.15063.296)

CPU:total 4 (initial active 4) (2 cores per cpu, 2 threads per core) family 6 model 142 stepping 9, cmov, cx8, fxsr, mmx, sse, sse2, sse3, ssse3, sse4.1, sse4.2, popcnt, avx, avx2, aes, clmul, erms, 3dnowpref, lzcnt, ht, tsc, tscinvbit, bmi1, bmi2, adx

Memory: 4k page, physical 16669116k(8002336k free), swap 19159484k(5904932k free)

vm_info: Java HotSpot(TM) 64-Bit Server VM (25.144-b01) for windows-amd64 JRE (1.8.0_144-b01), built on Jul 21 2017 21:57:33 by "java_re" with MS VC++ 10.0 (VS2010)

time: Fri Dec 08 11:12:02 2017
elapsed time: 2 seconds (0d 0h 0m 2s)

